2021-03-28 09:38:16,594 INFO 6771 [egg-sequelize](3ms) Executed (default): SELECT 1+1 AS result
2021-03-28 09:38:36,807 INFO 6797 [egg-sequelize](1ms) Executed (default): SELECT 1+1 AS result
2021-03-28 09:40:26,298 INFO 6851 [egg-sequelize](1ms) Executed (default): SELECT 1+1 AS result
2021-03-28 09:41:24,197 INFO 6851 [egg-sequelize](36ms) Executed (default): SELECT `id`, `account`, `password`, `nickname`, `avatar`, `email`, `group_id` FROM `users` AS `user` WHERE `user`.`account` = 'lemon1234' LIMIT 1;
2021-03-28 09:42:04,596 INFO 6941 [egg-sequelize](0ms) Executed (default): SELECT 1+1 AS result
2021-03-28 09:42:16,750 INFO 6979 [egg-sequelize](1ms) Executed (default): SELECT 1+1 AS result
2021-03-28 09:42:30,083 INFO 6979 [egg-sequelize](3ms) Executed (default): SELECT `id`, `account`, `password`, `nickname`, `avatar`, `email`, `group_id` FROM `users` AS `user` WHERE `user`.`account` = 'lemon1234' LIMIT 1;
2021-03-28 09:42:35,816 INFO 6979 [egg-sequelize](1ms) Executed (default): SELECT `id`, `account`, `password`, `nickname`, `avatar`, `email`, `group_id` FROM `users` AS `user` WHERE `user`.`account` = 'lemon1234' LIMIT 1;
2021-03-28 09:42:36,850 INFO 6979 [egg-sequelize](2ms) Executed (default): SELECT `id`, `account`, `password`, `nickname`, `avatar`, `email`, `group_id` FROM `users` AS `user` WHERE `user`.`account` = 'lemon1234' LIMIT 1;
2021-03-28 09:42:37,865 INFO 6979 [egg-sequelize](1ms) Executed (default): SELECT `id`, `account`, `password`, `nickname`, `avatar`, `email`, `group_id` FROM `users` AS `user` WHERE `user`.`account` = 'lemon1234' LIMIT 1;
2021-03-28 09:42:38,277 INFO 6979 [egg-sequelize](1ms) Executed (default): SELECT `id`, `account`, `password`, `nickname`, `avatar`, `email`, `group_id` FROM `users` AS `user` WHERE `user`.`account` = 'lemon1234' LIMIT 1;
2021-03-28 09:42:38,438 INFO 6979 [egg-sequelize](1ms) Executed (default): SELECT `id`, `account`, `password`, `nickname`, `avatar`, `email`, `group_id` FROM `users` AS `user` WHERE `user`.`account` = 'lemon1234' LIMIT 1;
2021-03-28 09:42:38,593 INFO 6979 [egg-sequelize](1ms) Executed (default): SELECT `id`, `account`, `password`, `nickname`, `avatar`, `email`, `group_id` FROM `users` AS `user` WHERE `user`.`account` = 'lemon1234' LIMIT 1;
2021-03-28 09:42:38,755 INFO 6979 [egg-sequelize](2ms) Executed (default): SELECT `id`, `account`, `password`, `nickname`, `avatar`, `email`, `group_id` FROM `users` AS `user` WHERE `user`.`account` = 'lemon1234' LIMIT 1;
2021-03-28 09:42:38,900 INFO 6979 [egg-sequelize](2ms) Executed (default): SELECT `id`, `account`, `password`, `nickname`, `avatar`, `email`, `group_id` FROM `users` AS `user` WHERE `user`.`account` = 'lemon1234' LIMIT 1;
2021-03-28 09:42:39,045 INFO 6979 [egg-sequelize](2ms) Executed (default): SELECT `id`, `account`, `password`, `nickname`, `avatar`, `email`, `group_id` FROM `users` AS `user` WHERE `user`.`account` = 'lemon1234' LIMIT 1;
2021-03-28 09:42:39,191 INFO 6979 [egg-sequelize](1ms) Executed (default): SELECT `id`, `account`, `password`, `nickname`, `avatar`, `email`, `group_id` FROM `users` AS `user` WHERE `user`.`account` = 'lemon1234' LIMIT 1;
2021-03-28 09:43:08,930 INFO 6979 [egg-sequelize](2ms) Executed (default): SELECT `id`, `account`, `password`, `nickname`, `avatar`, `email`, `group_id` FROM `users` AS `user` WHERE `user`.`account` = 'lemon12345' LIMIT 1;
2021-03-28 09:43:08,938 INFO 6979 [egg-sequelize](1ms) Executed (default): SELECT `id`, `account`, `password`, `nickname`, `avatar`, `email`, `group_id` FROM `users` AS `user` WHERE `user`.`email` = 'myx0930@163.com' LIMIT 1;
2021-03-28 09:45:34,416 INFO 7063 [egg-sequelize](1ms) Executed (default): SELECT 1+1 AS result
2021-03-28 09:45:54,869 INFO 7089 [egg-sequelize](1ms) Executed (default): SELECT 1+1 AS result
2021-03-28 09:47:30,891 INFO 7110 [egg-sequelize](1ms) Executed (default): SELECT 1+1 AS result
2021-03-28 09:47:58,500 INFO 7133 [egg-sequelize](1ms) Executed (default): SELECT 1+1 AS result
2021-03-28 09:48:07,305 INFO 7147 [egg-sequelize](1ms) Executed (default): SELECT 1+1 AS result
2021-03-28 09:49:47,599 INFO 7206 [egg-sequelize](1ms) Executed (default): SELECT 1+1 AS result
2021-03-28 09:49:54,812 INFO 7222 [egg-sequelize](1ms) Executed (default): SELECT 1+1 AS result
2021-03-28 09:50:34,763 INFO 7222 [egg-sequelize](2ms) Executed (default): SELECT `id`, `account`, `password`, `nickname`, `avatar`, `email`, `group_id` FROM `users` AS `user` WHERE `user`.`account` = 'lemon12345' LIMIT 1;
2021-03-28 09:50:34,773 INFO 7222 [egg-sequelize](1ms) Executed (default): SELECT `id`, `account`, `password`, `nickname`, `avatar`, `email`, `group_id` FROM `users` AS `user` WHERE `user`.`email` = 'my0930@163.com' LIMIT 1;
2021-03-28 09:52:16,028 INFO 7222 [egg-sequelize](4ms) Executed (default): SELECT `id`, `account`, `password`, `nickname`, `avatar`, `email`, `group_id` FROM `users` AS `user` WHERE `user`.`account` = 'lemon1234' LIMIT 1;
2021-03-28 09:52:16,037 INFO 7222 [egg-sequelize](1ms) Executed (default): SELECT `id`, `account`, `password`, `nickname`, `avatar`, `email`, `group_id` FROM `users` AS `user` WHERE `user`.`email` = 'myx0930@163.com' LIMIT 1;
2021-03-28 09:53:04,747 INFO 7319 [egg-sequelize](0ms) Executed (default): SELECT 1+1 AS result
2021-03-28 09:53:21,153 INFO 7340 [egg-sequelize](1ms) Executed (default): SELECT 1+1 AS result
2021-03-28 09:53:30,175 INFO 7340 [egg-sequelize](2ms) Executed (default): SELECT `id`, `account`, `password`, `nickname`, `avatar`, `email`, `group_id` FROM `users` AS `user` WHERE `user`.`account` = 'lemon1234' LIMIT 1;
2021-03-28 09:53:30,181 INFO 7340 [egg-sequelize](1ms) Executed (default): SELECT `id`, `account`, `password`, `nickname`, `avatar`, `email`, `group_id` FROM `users` AS `user` WHERE `user`.`email` = 'myx0930@163.com' LIMIT 1;
2021-03-28 09:54:58,288 INFO 7381 [egg-sequelize](1ms) Executed (default): SELECT 1+1 AS result
2021-03-28 09:55:05,265 INFO 7381 [egg-sequelize](3ms) Executed (default): SELECT `id`, `account`, `password`, `nickname`, `avatar`, `email`, `group_id` FROM `users` AS `user` WHERE `user`.`account` = 'lemon1234' LIMIT 1;
2021-03-28 09:55:05,271 INFO 7381 [egg-sequelize](1ms) Executed (default): SELECT `id`, `account`, `password`, `nickname`, `avatar`, `email`, `group_id` FROM `users` AS `user` WHERE `user`.`email` = 'myx0930@163.com' LIMIT 1;
2021-03-28 09:56:00,852 ERROR 7381 [-/192.168.1.7/-/47496ms POST /api/user/register] nodejs.Error: Too many Cluster redirections. Last error: ReplyError: CLUSTERDOWN The cluster is down
    at Cluster.handleError (/Volumes/开发/www/stars/api.stars.io/node_modules/_ioredis@4.24.5@ioredis/built/cluster/index.js:604:38)
    at Command.command.reject (/Volumes/开发/www/stars/api.stars.io/node_modules/_ioredis@4.24.5@ioredis/built/cluster/index.js:481:23)
    at Redis.handleReconnection (/Volumes/开发/www/stars/api.stars.io/node_modules/_ioredis@4.24.5@ioredis/built/redis/index.js:432:26)
    at DataHandler.returnError (/Volumes/开发/www/stars/api.stars.io/node_modules/_ioredis@4.24.5@ioredis/built/DataHandler.js:41:20)
    at JavascriptRedisParser.returnError (/Volumes/开发/www/stars/api.stars.io/node_modules/_ioredis@4.24.5@ioredis/built/DataHandler.js:15:22)
    at JavascriptRedisParser.execute (/Volumes/开发/www/stars/api.stars.io/node_modules/_redis-parser@3.0.0@redis-parser/lib/parser.js:542:14)
    at Socket.<anonymous> (/Volumes/开发/www/stars/api.stars.io/node_modules/_ioredis@4.24.5@ioredis/built/DataHandler.js:25:20)
    at Socket.emit (events.js:315:20)
    at addChunk (internal/streams/readable.js:309:12)
    at readableAddChunk (internal/streams/readable.js:284:9)
    at Socket.Readable.push (internal/streams/readable.js:223:10)
    at TCP.onStreamRead (internal/stream_base_commons.js:188:23)
headers: {"Access-Control-Allow-Origin":"*","vary":"Origin"}
pid: 7381
hostname: maoyuxindembp

2021-03-28 09:56:22,233 INFO 7453 [egg-sequelize](0ms) Executed (default): SELECT 1+1 AS result
2021-03-28 09:56:53,906 INFO 7453 [egg-sequelize](2ms) Executed (default): SELECT `id`, `account`, `password`, `nickname`, `avatar`, `email`, `group_id` FROM `users` AS `user` WHERE `user`.`account` = 'lemon1234' LIMIT 1;
2021-03-28 09:56:53,912 INFO 7453 [egg-sequelize](1ms) Executed (default): SELECT `id`, `account`, `password`, `nickname`, `avatar`, `email`, `group_id` FROM `users` AS `user` WHERE `user`.`email` = 'myx0930@163.com' LIMIT 1;
2021-03-28 09:57:33,554 INFO 7453 [egg-sequelize](2ms) Executed (default): SELECT `id`, `account`, `password`, `nickname`, `avatar`, `email`, `group_id` FROM `users` AS `user` WHERE `user`.`account` = 'lemon1234' LIMIT 1;
2021-03-28 09:57:33,560 INFO 7453 [egg-sequelize](1ms) Executed (default): SELECT `id`, `account`, `password`, `nickname`, `avatar`, `email`, `group_id` FROM `users` AS `user` WHERE `user`.`email` = 'myx0930@163.com' LIMIT 1;
2021-03-28 10:00:29,077 INFO 893 [egg-sequelize](0ms) Executed (default): SELECT 1+1 AS result
2021-03-28 10:00:57,340 INFO 893 [egg-sequelize](18ms) Executed (default): SELECT `id`, `account`, `password`, `nickname`, `avatar`, `email`, `group_id` FROM `users` AS `user` WHERE `user`.`account` = 'lemon1234' LIMIT 1;
2021-03-28 10:00:57,345 INFO 893 [egg-sequelize](0ms) Executed (default): SELECT `id`, `account`, `password`, `nickname`, `avatar`, `email`, `group_id` FROM `users` AS `user` WHERE `user`.`email` = 'myx0930@163.com' LIMIT 1;
2021-03-28 10:02:19,858 INFO 1411 [egg-sequelize](0ms) Executed (default): SELECT 1+1 AS result
2021-03-28 10:02:20,704 INFO 1418 [egg-sequelize](0ms) Executed (default): SELECT 1+1 AS result
2021-03-28 10:02:27,267 INFO 1418 [egg-sequelize](2ms) Executed (default): SELECT `id`, `account`, `password`, `nickname`, `avatar`, `email`, `group_id` FROM `users` AS `user` WHERE `user`.`account` = 'lemon1234' LIMIT 1;
2021-03-28 10:02:27,272 INFO 1418 [egg-sequelize](1ms) Executed (default): SELECT `id`, `account`, `password`, `nickname`, `avatar`, `email`, `group_id` FROM `users` AS `user` WHERE `user`.`email` = 'myx0930@163.com' LIMIT 1;
2021-03-28 10:02:42,538 INFO 1418 [egg-sequelize](1ms) Executed (default): SELECT `id`, `account`, `password`, `nickname`, `avatar`, `email`, `group_id` FROM `users` AS `user` WHERE `user`.`account` = 'lemon1234' LIMIT 1;
2021-03-28 10:02:42,543 INFO 1418 [egg-sequelize](2ms) Executed (default): SELECT `id`, `account`, `password`, `nickname`, `avatar`, `email`, `group_id` FROM `users` AS `user` WHERE `user`.`email` = 'myx0930@163.com' LIMIT 1;
2021-03-28 10:02:42,558 INFO 1418 [egg-sequelize](6ms) Executed (default): INSERT INTO `users` (`id`,`account`,`password`,`nickname`,`email`,`group_id`) VALUES (DEFAULT,'lemon1234','8RQ+VeyOD8G/hfuQeZDxdQ==','lemon123','myx0930@163.com',1);
2021-03-28 10:04:32,279 INFO 1418 [egg-sequelize](1ms) Executed (default): SELECT `id`, `account`, `password`, `nickname`, `avatar`, `email`, `group_id` FROM `users` AS `user` WHERE `user`.`account` = 'lemon1234' LIMIT 1;
2021-03-28 10:04:32,287 INFO 1418 [egg-sequelize](2ms) Executed (default): SELECT `id`, `account`, `password`, `nickname`, `avatar`, `email`, `group_id` FROM `users` AS `user` WHERE `user`.`email` = 'myx0930@163.com' LIMIT 1;
2021-03-28 10:04:39,319 INFO 1418 [egg-sequelize](0ms) Executed (default): SELECT `id`, `account`, `password`, `nickname`, `avatar`, `email`, `group_id` FROM `users` AS `user` WHERE `user`.`account` = 'lemon1234' LIMIT 1;
2021-03-28 10:04:39,325 INFO 1418 [egg-sequelize](2ms) Executed (default): SELECT `id`, `account`, `password`, `nickname`, `avatar`, `email`, `group_id` FROM `users` AS `user` WHERE `user`.`email` = 'myx0930@163.com' LIMIT 1;
2021-03-28 10:04:39,339 INFO 1418 [egg-sequelize](6ms) Executed (default): INSERT INTO `users` (`id`,`account`,`password`,`nickname`,`email`,`group_id`) VALUES (DEFAULT,'lemon1234','8RQ+VeyOD8G/hfuQeZDxdQ==','lemon123','myx0930@163.com',1);
2021-03-28 10:13:01,660 INFO 1418 [egg-sequelize](5ms) Executed (default): SELECT `id`, `account`, `password`, `nickname`, `avatar`, `email`, `group_id` FROM `users` AS `user` WHERE `user`.`account` = 'lemon1234' LIMIT 1;
2021-03-28 10:13:09,791 INFO 1418 [egg-sequelize](1ms) Executed (default): SELECT `id`, `account`, `password`, `nickname`, `avatar`, `email`, `group_id` FROM `users` AS `user` WHERE `user`.`account` = 'lemon1234' LIMIT 1;
2021-03-28 10:13:09,797 INFO 1418 [egg-sequelize](2ms) Executed (default): SELECT `id`, `account`, `password`, `nickname`, `avatar`, `email`, `group_id` FROM `users` AS `user` WHERE `user`.`email` = 'myx0930@163.com' LIMIT 1;
2021-03-28 10:13:31,233 INFO 1418 [egg-sequelize](1ms) Executed (default): SELECT `id`, `account`, `password`, `nickname`, `avatar`, `email`, `group_id` FROM `users` AS `user` WHERE `user`.`account` = 'lemon1234' LIMIT 1;
2021-03-28 10:13:31,240 INFO 1418 [egg-sequelize](1ms) Executed (default): SELECT `id`, `account`, `password`, `nickname`, `avatar`, `email`, `group_id` FROM `users` AS `user` WHERE `user`.`email` = 'myx0930@163.com' LIMIT 1;
2021-03-28 10:13:31,246 INFO 1418 [egg-sequelize](1ms) Executed (default): INSERT INTO `users` (`id`,`account`,`password`,`nickname`,`email`,`group_id`) VALUES (DEFAULT,'lemon1234','8RQ+VeyOD8G/hfuQeZDxdQ==','lemon123','myx0930@163.com',1);
2021-03-28 10:14:20,221 INFO 1418 [egg-sequelize](2ms) Executed (default): SELECT `id`, `account`, `password`, `nickname`, `avatar`, `email`, `group_id` FROM `users` AS `user` WHERE `user`.`account` = 'lemon1234' LIMIT 1;
2021-03-28 10:16:39,383 INFO 1418 [egg-sequelize](2ms) Executed (default): SELECT `id`, `account`, `password`, `nickname`, `avatar`, `email`, `group_id` FROM `users` AS `user` WHERE `user`.`account` = 'lemon1234' LIMIT 1;
2021-03-28 10:16:39,389 INFO 1418 [egg-sequelize](1ms) Executed (default): SELECT `id`, `account`, `password`, `nickname`, `avatar`, `email`, `group_id` FROM `users` AS `user` WHERE `user`.`email` = 'myx0930@163.com' LIMIT 1;
2021-03-28 10:16:48,291 INFO 1418 [egg-sequelize](1ms) Executed (default): SELECT `id`, `account`, `password`, `nickname`, `avatar`, `email`, `group_id` FROM `users` AS `user` WHERE `user`.`account` = 'lemon1234' LIMIT 1;
2021-03-28 10:16:48,299 INFO 1418 [egg-sequelize](4ms) Executed (default): SELECT `id`, `account`, `password`, `nickname`, `avatar`, `email`, `group_id` FROM `users` AS `user` WHERE `user`.`email` = 'myx0930@163.com' LIMIT 1;
2021-03-28 10:16:48,308 INFO 1418 [egg-sequelize](2ms) Executed (default): INSERT INTO `users` (`id`,`account`,`password`,`nickname`,`email`,`group_id`) VALUES (DEFAULT,'lemon1234','8RQ+VeyOD8G/hfuQeZDxdQ==','lemon123','myx0930@163.com',1);
2021-03-28 10:16:48,342 ERROR 1418 [-/192.168.1.7/-/67ms POST /api/user/register] nodejs.SequelizeDatabaseError: Field 'id' doesn't have a default value
    at Query.formatError (/Volumes/开发/www/stars/api.stars.io/node_modules/_sequelize@4.44.4@sequelize/lib/dialects/mysql/query.js:247:16)
    at Query.handler [as onResult] (/Volumes/开发/www/stars/api.stars.io/node_modules/_sequelize@4.44.4@sequelize/lib/dialects/mysql/query.js:68:23)
    at Query.execute (/Volumes/开发/www/stars/api.stars.io/node_modules/_mysql2@2.2.5@mysql2/lib/commands/command.js:30:14)
    at Connection.handlePacket (/Volumes/开发/www/stars/api.stars.io/node_modules/_mysql2@2.2.5@mysql2/lib/connection.js:425:32)
    at PacketParser.onPacket (/Volumes/开发/www/stars/api.stars.io/node_modules/_mysql2@2.2.5@mysql2/lib/connection.js:75:12)
    at PacketParser.executeStart (/Volumes/开发/www/stars/api.stars.io/node_modules/_mysql2@2.2.5@mysql2/lib/packet_parser.js:75:16)
    at Socket.<anonymous> (/Volumes/开发/www/stars/api.stars.io/node_modules/_mysql2@2.2.5@mysql2/lib/connection.js:82:25)
    at Socket.emit (events.js:315:20)
    at addChunk (internal/streams/readable.js:309:12)
    at readableAddChunk (internal/streams/readable.js:284:9)
    at Socket.Readable.push (internal/streams/readable.js:223:10)
    at TCP.onStreamRead (internal/stream_base_commons.js:188:23)
From previous event:
    at Promise.longStackTracesCaptureStackTrace [as _captureStackTrace] (/Volumes/开发/www/stars/api.stars.io/node_modules/_bluebird@3.7.2@bluebird/js/release/debuggability.js:482:19)
    at Promise._then (/Volumes/开发/www/stars/api.stars.io/node_modules/_bluebird@3.7.2@bluebird/js/release/promise.js:261:17)
    at Promise.then (/Volumes/开发/www/stars/api.stars.io/node_modules/_bluebird@3.7.2@bluebird/js/release/promise.js:154:17)
    at User.save (/Volumes/开发/www/stars/api.stars.io/node_modules/_sequelize@4.44.4@sequelize/lib/model.js:3661:8)
    at Function.create (/Volumes/开发/www/stars/api.stars.io/node_modules/_sequelize@4.44.4@sequelize/lib/model.js:2023:8)
    at Function._target.<computed> [as create] (/Volumes/开发/www/stars/api.stars.io/node_modules/_sequelize-typescript@0.6.11@sequelize-typescript/lib/models/BaseModel.js:36:41)
    at UserService.register (/Volumes/开发/www/stars/api.stars.io/app/service/users.ts:37:48)
    at UserController.register (/Volumes/开发/www/stars/api.stars.io/app/controller/user.ts:29:21)
    at /Volumes/开发/www/stars/api.stars.io/node_modules/_egg-development@2.7.0@egg-development/app/middleware/egg_loader_trace.js:9:50
    at xframe (/Volumes/开发/www/stars/api.stars.io/node_modules/_egg-security@2.8.0@egg-security/lib/middlewares/xframe.js:7:5)
    at xssProtection (/Volumes/开发/www/stars/api.stars.io/node_modules/_egg-security@2.8.0@egg-security/lib/middlewares/xssProtection.js:7:5)
    at nosniff (/Volumes/开发/www/stars/api.stars.io/node_modules/_egg-security@2.8.0@egg-security/lib/middlewares/nosniff.js:8:5)
    at noopen (/Volumes/开发/www/stars/api.stars.io/node_modules/_egg-security@2.8.0@egg-security/lib/middlewares/noopen.js:8:5)
    at session (/Volumes/开发/www/stars/api.stars.io/node_modules/_koa-session@6.1.0@koa-session/index.js:41:7)
    at bodyParser (/Volumes/开发/www/stars/api.stars.io/node_modules/_koa-bodyparser@4.3.0@koa-bodyparser/index.js:95:5)
    at /Volumes/开发/www/stars/api.stars.io/node_modules/_koa-static-cache@5.1.4@koa-static-cache/index.js:39:63
    at notfound (/Volumes/开发/www/stars/api.stars.io/node_modules/_egg@2.29.3@egg/app/middleware/notfound.js:5:5)
    at meta (/Volumes/开发/www/stars/api.stars.io/node_modules/_egg@2.29.3@egg/app/middleware/meta.js:17:5)
    at cors (/Volumes/开发/www/stars/api.stars.io/node_modules/_@koa_cors@3.1.0@@koa/cors/index.js:98:16)
name: "SequelizeDatabaseError"
parent: {"code":"ER_NO_DEFAULT_FOR_FIELD","errno":1364,"sqlState":"HY000","sqlMessage":"Field 'id' doesn't have a default value","sql":"INSERT INTO `users` (`id`,`account`,`password`,`nickname`,`email`,`group_id`) VALUES (DEFAULT,'lemon1234','8RQ+VeyOD8G/hfuQeZDxdQ==','lemon123','myx0930@163.com',1);"}
original: {"code":"ER_NO_DEFAULT_FOR_FIELD","errno":1364,"sqlState":"HY000","sqlMessage":"Field 'id' doesn't have a default value","sql":"INSERT INTO `users` (`id`,`account`,`password`,`nickname`,`email`,`group_id`) VALUES (DEFAULT,'lemon1234','8RQ+VeyOD8G/hfuQeZDxdQ==','lemon123','myx0930@163.com',1);"}
sql: "INSERT INTO `users` (`id`,`account`,`password`,`nickname`,`email`,`group_id`) VALUES (DEFAULT,'lemon1234','8RQ+VeyOD8G/hfuQeZDxdQ==','lemon123','myx0930@163.com',1);"
headers: {"Access-Control-Allow-Origin":"*","vary":"Origin"}
pid: 1418
hostname: maoyuxindembp

2021-03-28 10:17:01,520 INFO 1418 [egg-sequelize](1ms) Executed (default): SELECT `id`, `account`, `password`, `nickname`, `avatar`, `email`, `group_id` FROM `users` AS `user` WHERE `user`.`account` = 'lemon1234' LIMIT 1;
2021-03-28 10:17:01,526 INFO 1418 [egg-sequelize](1ms) Executed (default): SELECT `id`, `account`, `password`, `nickname`, `avatar`, `email`, `group_id` FROM `users` AS `user` WHERE `user`.`email` = 'myx0930@163.com' LIMIT 1;
2021-03-28 10:17:01,531 INFO 1418 [egg-sequelize](2ms) Executed (default): INSERT INTO `users` (`id`,`account`,`password`,`nickname`,`email`,`group_id`) VALUES (DEFAULT,'lemon1234','8RQ+VeyOD8G/hfuQeZDxdQ==','lemon123','myx0930@163.com',1);
2021-03-28 10:23:40,484 INFO 1418 [egg-sequelize](1ms) Executed (default): SELECT `id`, `account`, `password`, `nickname`, `avatar`, `email`, `group_id` FROM `users` AS `user` WHERE `user`.`account` = 'lemon1234' LIMIT 1;
2021-03-28 10:23:40,492 INFO 1418 [egg-sequelize](1ms) Executed (default): SELECT `id`, `account`, `password`, `nickname`, `avatar`, `email`, `group_id` FROM `users` AS `user` WHERE `user`.`email` = 'myx0930@163.com' LIMIT 1;
2021-03-28 10:23:56,545 INFO 1418 [egg-sequelize](1ms) Executed (default): SELECT `id`, `account`, `password`, `nickname`, `avatar`, `email`, `group_id` FROM `users` AS `user` WHERE `user`.`account` = 'lemon1234' LIMIT 1;
2021-03-28 10:23:56,550 INFO 1418 [egg-sequelize](1ms) Executed (default): SELECT `id`, `account`, `password`, `nickname`, `avatar`, `email`, `group_id` FROM `users` AS `user` WHERE `user`.`email` = 'myx0930@163.com' LIMIT 1;
2021-03-28 10:23:56,568 INFO 1418 [egg-sequelize](13ms) Executed (default): INSERT INTO `users` (`id`,`account`,`password`,`nickname`,`email`,`group_id`) VALUES (DEFAULT,'lemon1234','8RQ+VeyOD8G/hfuQeZDxdQ==','lemon123','myx0930@163.com',1);
2021-03-28 10:25:06,927 INFO 1418 [egg-sequelize](1ms) Executed (default): SELECT `id`, `account`, `password`, `nickname`, `avatar`, `email`, `group_id` FROM `users` AS `user` WHERE `user`.`account` = 'lemon1234' LIMIT 1;
2021-03-28 10:25:06,932 INFO 1418 [egg-sequelize](1ms) Executed (default): SELECT `id`, `account`, `password`, `nickname`, `avatar`, `email`, `group_id` FROM `users` AS `user` WHERE `user`.`email` = 'myx0930@163.com' LIMIT 1;
2021-03-28 10:25:15,666 INFO 1418 [egg-sequelize](1ms) Executed (default): SELECT `id`, `account`, `password`, `nickname`, `avatar`, `email`, `group_id` FROM `users` AS `user` WHERE `user`.`account` = 'lemon1234' LIMIT 1;
2021-03-28 10:25:15,673 INFO 1418 [egg-sequelize](1ms) Executed (default): SELECT `id`, `account`, `password`, `nickname`, `avatar`, `email`, `group_id` FROM `users` AS `user` WHERE `user`.`email` = 'myx0930@163.com' LIMIT 1;
2021-03-28 10:25:15,679 INFO 1418 [egg-sequelize](2ms) Executed (default): INSERT INTO `users` (`id`,`account`,`password`,`nickname`,`email`,`group_id`) VALUES (DEFAULT,'lemon1234','8RQ+VeyOD8G/hfuQeZDxdQ==','lemon123','myx0930@163.com',1);
2021-03-28 10:28:36,845 INFO 1418 [egg-sequelize](1ms) Executed (default): SELECT `id`, `account`, `password`, `nickname`, `avatar`, `email`, `group_id` FROM `users` AS `user` WHERE `user`.`account` = 'lemon1234' LIMIT 1;
2021-03-28 10:28:49,947 INFO 1418 [egg-sequelize](1ms) Executed (default): SELECT `id`, `account`, `password`, `nickname`, `avatar`, `email`, `group_id` FROM `users` AS `user` WHERE `user`.`account` = 'lemon1234' LIMIT 1;
2021-03-28 10:28:49,951 INFO 1418 [egg-sequelize](1ms) Executed (default): SELECT `id`, `account`, `password`, `nickname`, `avatar`, `email`, `group_id` FROM `users` AS `user` WHERE `user`.`email` = 'myx0930@163.com' LIMIT 1;
2021-03-28 10:28:56,183 INFO 1418 [egg-sequelize](1ms) Executed (default): SELECT `id`, `account`, `password`, `nickname`, `avatar`, `email`, `group_id` FROM `users` AS `user` WHERE `user`.`account` = 'lemon1234' LIMIT 1;
2021-03-28 10:28:56,187 INFO 1418 [egg-sequelize](1ms) Executed (default): SELECT `id`, `account`, `password`, `nickname`, `avatar`, `email`, `group_id` FROM `users` AS `user` WHERE `user`.`email` = 'myx0930@163.com' LIMIT 1;
2021-03-28 10:28:56,195 INFO 1418 [egg-sequelize](2ms) Executed (default): INSERT INTO `users` (`id`,`account`,`password`,`nickname`,`email`,`group_id`) VALUES (DEFAULT,'lemon1234','8RQ+VeyOD8G/hfuQeZDxdQ==','lemon123','myx0930@163.com',1);
2021-03-28 10:33:12,461 INFO 1418 [egg-sequelize](1ms) Executed (default): SELECT `id`, `account`, `password`, `nickname`, `avatar`, `email`, `group_id` FROM `users` AS `user` WHERE `user`.`account` = 'lemon1234' LIMIT 1;
2021-03-28 10:33:12,468 INFO 1418 [egg-sequelize](1ms) Executed (default): SELECT `id`, `account`, `password`, `nickname`, `avatar`, `email`, `group_id` FROM `users` AS `user` WHERE `user`.`email` = 'myx0930@163.com' LIMIT 1;
2021-03-28 10:33:22,452 INFO 1418 [egg-sequelize](2ms) Executed (default): SELECT `id`, `account`, `password`, `nickname`, `avatar`, `email`, `group_id` FROM `users` AS `user` WHERE `user`.`account` = 'lemon1234' LIMIT 1;
2021-03-28 10:33:22,461 INFO 1418 [egg-sequelize](1ms) Executed (default): SELECT `id`, `account`, `password`, `nickname`, `avatar`, `email`, `group_id` FROM `users` AS `user` WHERE `user`.`email` = 'myx0930@163.com' LIMIT 1;
2021-03-28 10:33:22,468 INFO 1418 [egg-sequelize](1ms) Executed (default): INSERT INTO `users` (`id`,`account`,`password`,`nickname`,`email`,`group_id`) VALUES (DEFAULT,'lemon1234','8RQ+VeyOD8G/hfuQeZDxdQ==','lemon123','myx0930@163.com',1);
2021-03-28 10:34:14,904 INFO 1418 [egg-sequelize](1ms) Executed (default): SELECT `id`, `account`, `password`, `nickname`, `avatar`, `email`, `group_id` FROM `users` AS `user` WHERE `user`.`account` = 'lemon1234' LIMIT 1;
2021-03-28 10:34:14,911 INFO 1418 [egg-sequelize](0ms) Executed (default): SELECT `id`, `account`, `password`, `nickname`, `avatar`, `email`, `group_id` FROM `users` AS `user` WHERE `user`.`email` = 'myx0930@163.com' LIMIT 1;
2021-03-28 10:34:21,952 INFO 1418 [egg-sequelize](0ms) Executed (default): SELECT `id`, `account`, `password`, `nickname`, `avatar`, `email`, `group_id` FROM `users` AS `user` WHERE `user`.`account` = 'lemon1234' LIMIT 1;
2021-03-28 10:34:21,957 INFO 1418 [egg-sequelize](0ms) Executed (default): SELECT `id`, `account`, `password`, `nickname`, `avatar`, `email`, `group_id` FROM `users` AS `user` WHERE `user`.`email` = 'myx0930@163.com' LIMIT 1;
2021-03-28 10:34:21,967 INFO 1418 [egg-sequelize](2ms) Executed (default): INSERT INTO `users` (`id`,`account`,`password`,`nickname`,`email`,`group_id`) VALUES (DEFAULT,'lemon1234','8RQ+VeyOD8G/hfuQeZDxdQ==','lemon123','myx0930@163.com',1);
2021-03-28 10:35:04,675 INFO 1418 [egg-sequelize](1ms) Executed (default): SELECT `id`, `account`, `password`, `nickname`, `avatar`, `email`, `group_id` FROM `users` AS `user` WHERE `user`.`account` = 'lemon1234' LIMIT 1;
2021-03-28 10:35:04,681 INFO 1418 [egg-sequelize](2ms) Executed (default): SELECT `id`, `account`, `password`, `nickname`, `avatar`, `email`, `group_id` FROM `users` AS `user` WHERE `user`.`email` = 'myx0930@163.com' LIMIT 1;
2021-03-28 10:35:13,544 INFO 1418 [egg-sequelize](1ms) Executed (default): SELECT `id`, `account`, `password`, `nickname`, `avatar`, `email`, `group_id` FROM `users` AS `user` WHERE `user`.`account` = 'lemon1234' LIMIT 1;
2021-03-28 10:35:13,549 INFO 1418 [egg-sequelize](1ms) Executed (default): SELECT `id`, `account`, `password`, `nickname`, `avatar`, `email`, `group_id` FROM `users` AS `user` WHERE `user`.`email` = 'myx0930@163.com' LIMIT 1;
2021-03-28 10:35:13,556 INFO 1418 [egg-sequelize](2ms) Executed (default): INSERT INTO `users` (`id`,`account`,`password`,`nickname`,`email`,`group_id`) VALUES (DEFAULT,'lemon1234','8RQ+VeyOD8G/hfuQeZDxdQ==','lemon123','myx0930@163.com',1);
2021-03-28 11:00:47,348 INFO 2384 [egg-sequelize](2ms) Executed (default): SELECT 1+1 AS result
2021-03-28 12:44:57,986 INFO 2680 [egg-sequelize](1ms) Executed (default): SELECT 1+1 AS result
2021-03-28 12:45:01,477 INFO 2694 [egg-sequelize](0ms) Executed (default): SELECT 1+1 AS result
2021-03-28 12:45:04,395 INFO 2694 [egg-sequelize](29ms) Executed (default): SELECT `id`, `account`, `password`, `nickname`, `avatar`, `email`, `group_id` FROM `users` AS `user` WHERE `user`.`account` = NULL LIMIT 1;
2021-03-28 12:45:40,316 INFO 2716 [egg-sequelize](1ms) Executed (default): SELECT 1+1 AS result
2021-03-28 12:45:44,968 INFO 2716 [egg-sequelize](1ms) Executed (default): SELECT `id`, `account`, `password`, `nickname`, `avatar`, `email`, `group_id` FROM `users` AS `user` WHERE `user`.`account` = 'aaaaaa' LIMIT 1;
2021-03-28 12:51:41,712 INFO 2716 [egg-sequelize](2ms) Executed (default): SELECT `id`, `account`, `password`, `nickname`, `avatar`, `email`, `group_id` FROM `users` AS `user` WHERE `user`.`account` = 'lemon1234' LIMIT 1;
2021-03-28 12:51:41,717 INFO 2716 [egg-sequelize](0ms) Executed (default): SELECT `id`, `account`, `password`, `nickname`, `avatar`, `email`, `group_id` FROM `users` AS `user` WHERE `user`.`email` = 'myx0930@163.com' LIMIT 1;
2021-03-28 12:51:50,964 INFO 2716 [egg-sequelize](1ms) Executed (default): SELECT `id`, `account`, `password`, `nickname`, `avatar`, `email`, `group_id` FROM `users` AS `user` WHERE `user`.`account` = 'lemon1234' LIMIT 1;
2021-03-28 12:51:50,968 INFO 2716 [egg-sequelize](1ms) Executed (default): SELECT `id`, `account`, `password`, `nickname`, `avatar`, `email`, `group_id` FROM `users` AS `user` WHERE `user`.`email` = 'myx0930@163.com' LIMIT 1;
2021-03-28 12:51:50,986 INFO 2716 [egg-sequelize](9ms) Executed (default): INSERT INTO `users` (`id`,`account`,`password`,`nickname`,`email`,`group_id`) VALUES (DEFAULT,'lemon1234','8RQ+VeyOD8G/hfuQeZDxdQ==','lemon123','myx0930@163.com',1);
2021-03-28 12:52:07,814 INFO 2716 [egg-sequelize](2ms) Executed (default): SELECT `id`, `account`, `password`, `nickname`, `avatar`, `email`, `group_id` FROM `users` AS `user` WHERE `user`.`account` = 'lemon1234' LIMIT 1;
2021-03-28 12:52:36,976 INFO 2780 [egg-sequelize](0ms) Executed (default): SELECT 1+1 AS result
2021-03-28 12:52:39,609 INFO 2780 [egg-sequelize](2ms) Executed (default): SELECT `id`, `account`, `password`, `nickname`, `avatar`, `email`, `group_id` FROM `users` AS `user` WHERE `user`.`account` = 'lemon1234' LIMIT 1;
2021-03-28 12:53:23,883 INFO 2808 [egg-sequelize](1ms) Executed (default): SELECT 1+1 AS result
2021-03-28 12:53:28,533 INFO 2808 [egg-sequelize](1ms) Executed (default): SELECT `id`, `account`, `password`, `nickname`, `avatar`, `email`, `group_id` FROM `users` AS `user` WHERE `user`.`account` = 'lemon1234' LIMIT 1;
2021-03-28 12:53:43,469 INFO 2814 [egg-sequelize](1ms) Executed (default): SELECT 1+1 AS result
2021-03-28 12:54:04,172 INFO 2814 [egg-sequelize](2ms) Executed (default): SELECT `id`, `account`, `password`, `nickname`, `avatar`, `email`, `group_id` FROM `users` AS `user` WHERE `user`.`account` = 'lemon1234' LIMIT 1;
2021-03-28 12:54:16,499 INFO 2818 [egg-sequelize](1ms) Executed (default): SELECT 1+1 AS result
2021-03-28 12:54:18,070 INFO 2818 [egg-sequelize](2ms) Executed (default): SELECT `id`, `account`, `password`, `nickname`, `avatar`, `email`, `group_id` FROM `users` AS `user` WHERE `user`.`account` = 'lemon1234' LIMIT 1;
2021-03-28 13:01:14,934 INFO 2818 [egg-sequelize](1ms) Executed (default): SELECT `id`, `account`, `password`, `nickname`, `avatar`, `email`, `group_id` FROM `users` AS `user` WHERE `user`.`account` = 'lemon13' LIMIT 1;
2021-03-28 13:01:15,918 INFO 2818 [egg-sequelize](1ms) Executed (default): SELECT `id`, `account`, `password`, `nickname`, `avatar`, `email`, `group_id` FROM `users` AS `user` WHERE `user`.`account` = 'lemon13' LIMIT 1;
2021-03-28 13:01:16,447 INFO 2818 [egg-sequelize](1ms) Executed (default): SELECT `id`, `account`, `password`, `nickname`, `avatar`, `email`, `group_id` FROM `users` AS `user` WHERE `user`.`account` = 'lemon13' LIMIT 1;
2021-03-28 13:01:16,770 INFO 2818 [egg-sequelize](1ms) Executed (default): SELECT `id`, `account`, `password`, `nickname`, `avatar`, `email`, `group_id` FROM `users` AS `user` WHERE `user`.`account` = 'lemon13' LIMIT 1;
2021-03-28 13:01:16,954 INFO 2818 [egg-sequelize](1ms) Executed (default): SELECT `id`, `account`, `password`, `nickname`, `avatar`, `email`, `group_id` FROM `users` AS `user` WHERE `user`.`account` = 'lemon13' LIMIT 1;
2021-03-28 13:01:17,112 INFO 2818 [egg-sequelize](1ms) Executed (default): SELECT `id`, `account`, `password`, `nickname`, `avatar`, `email`, `group_id` FROM `users` AS `user` WHERE `user`.`account` = 'lemon13' LIMIT 1;
2021-03-28 13:01:17,267 INFO 2818 [egg-sequelize](0ms) Executed (default): SELECT `id`, `account`, `password`, `nickname`, `avatar`, `email`, `group_id` FROM `users` AS `user` WHERE `user`.`account` = 'lemon13' LIMIT 1;
2021-03-28 13:01:17,419 INFO 2818 [egg-sequelize](2ms) Executed (default): SELECT `id`, `account`, `password`, `nickname`, `avatar`, `email`, `group_id` FROM `users` AS `user` WHERE `user`.`account` = 'lemon13' LIMIT 1;
2021-03-28 13:01:17,573 INFO 2818 [egg-sequelize](1ms) Executed (default): SELECT `id`, `account`, `password`, `nickname`, `avatar`, `email`, `group_id` FROM `users` AS `user` WHERE `user`.`account` = 'lemon13' LIMIT 1;
2021-03-28 13:01:17,727 INFO 2818 [egg-sequelize](2ms) Executed (default): SELECT `id`, `account`, `password`, `nickname`, `avatar`, `email`, `group_id` FROM `users` AS `user` WHERE `user`.`account` = 'lemon13' LIMIT 1;
2021-03-28 13:01:30,507 INFO 2818 [egg-sequelize](1ms) Executed (default): SELECT `id`, `account`, `password`, `nickname`, `avatar`, `email`, `group_id` FROM `users` AS `user` WHERE `user`.`account` = 'lemon13' LIMIT 1;
2021-03-28 13:01:59,660 INFO 2947 [egg-sequelize](1ms) Executed (default): SELECT 1+1 AS result
2021-03-28 13:02:22,873 INFO 2947 [egg-sequelize](2ms) Executed (default): SELECT `id`, `account`, `password`, `nickname`, `avatar`, `email`, `group_id` FROM `users` AS `user` WHERE `user`.`account` = 'lemon1234' LIMIT 1;
2021-03-28 13:02:32,737 INFO 2947 [egg-sequelize](2ms) Executed (default): SELECT `id`, `account`, `password`, `nickname`, `avatar`, `email`, `group_id` FROM `users` AS `user` WHERE `user`.`account` = 'lemon1234' LIMIT 1;
2021-03-28 13:05:26,979 INFO 2947 [egg-sequelize](2ms) Executed (default): SELECT `id`, `account`, `password`, `nickname`, `avatar`, `email`, `group_id` FROM `users` AS `user` WHERE `user`.`account` = 'lemon1234' LIMIT 1;
2021-03-28 13:06:02,615 INFO 2947 [egg-sequelize](1ms) Executed (default): SELECT `id`, `account`, `password`, `nickname`, `avatar`, `email`, `group_id` FROM `users` AS `user` WHERE `user`.`account` = 'lemon1234' LIMIT 1;
2021-03-28 13:06:12,300 INFO 2947 [egg-sequelize](1ms) Executed (default): SELECT `id`, `account`, `password`, `nickname`, `avatar`, `email`, `group_id` FROM `users` AS `user` WHERE `user`.`account` = 'lemon1234' LIMIT 1;
2021-03-28 13:07:13,291 INFO 3057 [egg-sequelize](1ms) Executed (default): SELECT 1+1 AS result
2021-03-28 13:07:18,379 INFO 3060 [egg-sequelize](1ms) Executed (default): SELECT 1+1 AS result
2021-03-28 13:25:42,688 INFO 3280 [egg-sequelize](1ms) Executed (default): SELECT 1+1 AS result
2021-03-28 13:27:35,118 INFO 3353 [egg-sequelize](1ms) Executed (default): SELECT 1+1 AS result
2021-03-28 13:27:54,390 INFO 3372 [egg-sequelize](1ms) Executed (default): SELECT 1+1 AS result
2021-03-28 13:28:09,582 INFO 3394 [egg-sequelize](1ms) Executed (default): SELECT 1+1 AS result
2021-03-28 13:28:51,554 INFO 3441 [egg-sequelize](1ms) Executed (default): SELECT 1+1 AS result
2021-03-28 13:29:38,361 INFO 3453 [egg-sequelize](1ms) Executed (default): SELECT 1+1 AS result
2021-03-28 13:33:20,229 INFO 3532 [egg-sequelize](0ms) Executed (default): SELECT 1+1 AS result
2021-03-28 13:34:08,449 INFO 3544 [egg-sequelize](1ms) Executed (default): SELECT 1+1 AS result
2021-03-28 13:34:35,727 INFO 3544 [egg-sequelize](1ms) Executed (default): SELECT `id`, `account`, `password`, `nickname`, `avatar`, `email`, `group_id` FROM `users` AS `user` WHERE `user`.`account` = 'lemon1234' LIMIT 1;
2021-03-28 13:34:35,755 ERROR 3544 [-/192.168.1.7/-/53ms POST /api/user/login] nodejs.RangeError: Maximum call stack size exceeded
    at UserController.get userInfo [as userInfo] (/Volumes/开发/www/stars/api.stars.io/app/controller/user.ts:11:21)
    at UserController.get userInfo [as userInfo] (/Volumes/开发/www/stars/api.stars.io/app/controller/user.ts:11:21)
    at UserController.get userInfo [as userInfo] (/Volumes/开发/www/stars/api.stars.io/app/controller/user.ts:11:21)
    at UserController.get userInfo [as userInfo] (/Volumes/开发/www/stars/api.stars.io/app/controller/user.ts:11:21)
    at UserController.get userInfo [as userInfo] (/Volumes/开发/www/stars/api.stars.io/app/controller/user.ts:11:21)
    at UserController.get userInfo [as userInfo] (/Volumes/开发/www/stars/api.stars.io/app/controller/user.ts:11:21)
    at UserController.get userInfo [as userInfo] (/Volumes/开发/www/stars/api.stars.io/app/controller/user.ts:11:21)
    at UserController.get userInfo [as userInfo] (/Volumes/开发/www/stars/api.stars.io/app/controller/user.ts:11:21)
    at UserController.get userInfo [as userInfo] (/Volumes/开发/www/stars/api.stars.io/app/controller/user.ts:11:21)
    at UserController.get userInfo [as userInfo] (/Volumes/开发/www/stars/api.stars.io/app/controller/user.ts:11:21)
    at UserController.get userInfo [as userInfo] (/Volumes/开发/www/stars/api.stars.io/app/controller/user.ts:11:21)
    at UserController.get userInfo [as userInfo] (/Volumes/开发/www/stars/api.stars.io/app/controller/user.ts:11:21)
    at UserController.get userInfo [as userInfo] (/Volumes/开发/www/stars/api.stars.io/app/controller/user.ts:11:21)
    at UserController.get userInfo [as userInfo] (/Volumes/开发/www/stars/api.stars.io/app/controller/user.ts:11:21)
    at UserController.get userInfo [as userInfo] (/Volumes/开发/www/stars/api.stars.io/app/controller/user.ts:11:21)
    at UserController.get userInfo [as userInfo] (/Volumes/开发/www/stars/api.stars.io/app/controller/user.ts:11:21)
    at UserController.get userInfo [as userInfo] (/Volumes/开发/www/stars/api.stars.io/app/controller/user.ts:11:21)
    at UserController.get userInfo [as userInfo] (/Volumes/开发/www/stars/api.stars.io/app/controller/user.ts:11:21)
    at UserController.get userInfo [as userInfo] (/Volumes/开发/www/stars/api.stars.io/app/controller/user.ts:11:21)
    at UserController.get userInfo [as userInfo] (/Volumes/开发/www/stars/api.stars.io/app/controller/user.ts:11:21)
    at UserController.get userInfo [as userInfo] (/Volumes/开发/www/stars/api.stars.io/app/controller/user.ts:11:21)
    at UserController.get userInfo [as userInfo] (/Volumes/开发/www/stars/api.stars.io/app/controller/user.ts:11:21)
headers: {"Access-Control-Allow-Origin":"*","vary":"Origin"}
pid: 3544
hostname: maoyuxindembp

2021-03-28 13:34:59,797 INFO 3544 [egg-sequelize](1ms) Executed (default): SELECT `id`, `account`, `password`, `nickname`, `avatar`, `email`, `group_id` FROM `users` AS `user` WHERE `user`.`account` = 'lemon1234' LIMIT 1;
2021-03-28 13:34:59,811 ERROR 3544 [-/192.168.1.7/-/24ms POST /api/user/login] nodejs.RangeError: Maximum call stack size exceeded
    at UserController.get userInfo [as userInfo] (/Volumes/开发/www/stars/api.stars.io/app/controller/user.ts:11:21)
    at UserController.get userInfo [as userInfo] (/Volumes/开发/www/stars/api.stars.io/app/controller/user.ts:11:21)
    at UserController.get userInfo [as userInfo] (/Volumes/开发/www/stars/api.stars.io/app/controller/user.ts:11:21)
    at UserController.get userInfo [as userInfo] (/Volumes/开发/www/stars/api.stars.io/app/controller/user.ts:11:21)
    at UserController.get userInfo [as userInfo] (/Volumes/开发/www/stars/api.stars.io/app/controller/user.ts:11:21)
    at UserController.get userInfo [as userInfo] (/Volumes/开发/www/stars/api.stars.io/app/controller/user.ts:11:21)
    at UserController.get userInfo [as userInfo] (/Volumes/开发/www/stars/api.stars.io/app/controller/user.ts:11:21)
    at UserController.get userInfo [as userInfo] (/Volumes/开发/www/stars/api.stars.io/app/controller/user.ts:11:21)
    at UserController.get userInfo [as userInfo] (/Volumes/开发/www/stars/api.stars.io/app/controller/user.ts:11:21)
    at UserController.get userInfo [as userInfo] (/Volumes/开发/www/stars/api.stars.io/app/controller/user.ts:11:21)
    at UserController.get userInfo [as userInfo] (/Volumes/开发/www/stars/api.stars.io/app/controller/user.ts:11:21)
    at UserController.get userInfo [as userInfo] (/Volumes/开发/www/stars/api.stars.io/app/controller/user.ts:11:21)
    at UserController.get userInfo [as userInfo] (/Volumes/开发/www/stars/api.stars.io/app/controller/user.ts:11:21)
    at UserController.get userInfo [as userInfo] (/Volumes/开发/www/stars/api.stars.io/app/controller/user.ts:11:21)
    at UserController.get userInfo [as userInfo] (/Volumes/开发/www/stars/api.stars.io/app/controller/user.ts:11:21)
    at UserController.get userInfo [as userInfo] (/Volumes/开发/www/stars/api.stars.io/app/controller/user.ts:11:21)
    at UserController.get userInfo [as userInfo] (/Volumes/开发/www/stars/api.stars.io/app/controller/user.ts:11:21)
    at UserController.get userInfo [as userInfo] (/Volumes/开发/www/stars/api.stars.io/app/controller/user.ts:11:21)
    at UserController.get userInfo [as userInfo] (/Volumes/开发/www/stars/api.stars.io/app/controller/user.ts:11:21)
    at UserController.get userInfo [as userInfo] (/Volumes/开发/www/stars/api.stars.io/app/controller/user.ts:11:21)
    at UserController.get userInfo [as userInfo] (/Volumes/开发/www/stars/api.stars.io/app/controller/user.ts:11:21)
    at UserController.get userInfo [as userInfo] (/Volumes/开发/www/stars/api.stars.io/app/controller/user.ts:11:21)
headers: {"Access-Control-Allow-Origin":"*","vary":"Origin"}
pid: 3544
hostname: maoyuxindembp

2021-03-28 13:40:39,967 INFO 3673 [egg-sequelize](1ms) Executed (default): SELECT 1+1 AS result
2021-03-28 13:42:34,616 INFO 3720 [egg-sequelize](1ms) Executed (default): SELECT 1+1 AS result
2021-03-28 13:42:41,432 INFO 3739 [egg-sequelize](1ms) Executed (default): SELECT 1+1 AS result
2021-03-28 13:42:49,192 INFO 3739 [egg-sequelize](3ms) Executed (default): SELECT `id`, `account`, `password`, `nickname`, `avatar`, `email`, `group_id` FROM `users` AS `user` WHERE `user`.`account` = 'lemon1234' LIMIT 1;
2021-03-28 13:42:49,213 ERROR 3739 [-/192.168.1.7/-/39ms POST /api/user/login] nodejs.ENOENTError: ENOENT: no such file or directory, open '/Volumes/开发/www/stars/api.stars.io/app/utils/private_key.pem'
    at Object.openSync (fs.js:476:3)
    at Object.readFileSync (fs.js:377:35)
    at Jwt.generateToken (/Volumes/开发/www/stars/api.stars.io/app/utils/jwt.ts:17:22)
    at UserController.login (/Volumes/开发/www/stars/api.stars.io/app/controller/user.ts:64:43)
    at /Volumes/开发/www/stars/api.stars.io/node_modules/_egg-development@2.7.0@egg-development/app/middleware/egg_loader_trace.js:9:50
    at xframe (/Volumes/开发/www/stars/api.stars.io/node_modules/_egg-security@2.8.0@egg-security/lib/middlewares/xframe.js:7:5)
    at xssProtection (/Volumes/开发/www/stars/api.stars.io/node_modules/_egg-security@2.8.0@egg-security/lib/middlewares/xssProtection.js:7:5)
    at nosniff (/Volumes/开发/www/stars/api.stars.io/node_modules/_egg-security@2.8.0@egg-security/lib/middlewares/nosniff.js:8:5)
    at noopen (/Volumes/开发/www/stars/api.stars.io/node_modules/_egg-security@2.8.0@egg-security/lib/middlewares/noopen.js:8:5)
    at session (/Volumes/开发/www/stars/api.stars.io/node_modules/_koa-session@6.1.0@koa-session/index.js:41:7)
    at bodyParser (/Volumes/开发/www/stars/api.stars.io/node_modules/_koa-bodyparser@4.3.0@koa-bodyparser/index.js:95:5)
    at /Volumes/开发/www/stars/api.stars.io/node_modules/_koa-static-cache@5.1.4@koa-static-cache/index.js:39:63
    at notfound (/Volumes/开发/www/stars/api.stars.io/node_modules/_egg@2.29.3@egg/app/middleware/notfound.js:5:5)
    at meta (/Volumes/开发/www/stars/api.stars.io/node_modules/_egg@2.29.3@egg/app/middleware/meta.js:17:5)
    at cors (/Volumes/开发/www/stars/api.stars.io/node_modules/_@koa_cors@3.1.0@@koa/cors/index.js:98:16)
errno: -2
syscall: "open"
code: "ENOENT"
path: "/Volumes/开发/www/stars/api.stars.io/app/utils/private_key.pem"
headers: {"Access-Control-Allow-Origin":"*","vary":"Origin"}
name: "ENOENTError"
pid: 3739
hostname: maoyuxindembp

2021-03-28 13:43:19,183 INFO 3771 [egg-sequelize](1ms) Executed (default): SELECT 1+1 AS result
2021-03-28 13:43:21,456 INFO 3771 [egg-sequelize](1ms) Executed (default): SELECT `id`, `account`, `password`, `nickname`, `avatar`, `email`, `group_id` FROM `users` AS `user` WHERE `user`.`account` = 'lemon1234' LIMIT 1;
