2021-03-27 04:56:55,741 INFO 9070 [Job#1616792215735127032332103331] /Volumes/开发/www/stars/api.stars.io/node_modules/_egg-multipart@2.10.3@egg-multipart/app/schedule/clean_tmpdir.js executing by app
2021-03-27 04:56:55,754 INFO 9070 [Job#1616792215735127032332103331] /Volumes/开发/www/stars/api.stars.io/node_modules/_egg-multipart@2.10.3@egg-multipart/app/schedule/clean_tmpdir.js execute succeed, used 13ms. 
2021-03-27 04:56:55,743 INFO 4371 [Timer] /Volumes/开发/www/stars/api.stars.io/node_modules/_egg-multipart@2.10.3@egg-multipart/app/schedule/clean_tmpdir.js next time will execute after 84784263ms at 2021-03-28 04:30:00.006
2021-03-27 16:13:11,628 INFO 17967 [egg-schedule]: register schedule /Volumes/开发/www/stars/api.stars.io/node_modules/_egg-multipart@2.10.3@egg-multipart/app/schedule/clean_tmpdir.js
2021-03-27 16:13:11,628 INFO 17967 [egg-schedule]: register schedule /Volumes/开发/www/stars/api.stars.io/node_modules/_egg-logrotator@3.1.0@egg-logrotator/app/schedule/clean_log.js
2021-03-27 16:13:11,628 INFO 17967 [egg-schedule]: register schedule /Volumes/开发/www/stars/api.stars.io/node_modules/_egg-logrotator@3.1.0@egg-logrotator/app/schedule/rotate_by_file.js
2021-03-27 16:18:58,354 INFO 18105 [egg-schedule]: register schedule /Volumes/开发/www/stars/api.stars.io/node_modules/_egg-multipart@2.10.3@egg-multipart/app/schedule/clean_tmpdir.js
2021-03-27 16:18:58,354 INFO 18105 [egg-schedule]: register schedule /Volumes/开发/www/stars/api.stars.io/node_modules/_egg-logrotator@3.1.0@egg-logrotator/app/schedule/clean_log.js
2021-03-27 16:18:58,354 INFO 18105 [egg-schedule]: register schedule /Volumes/开发/www/stars/api.stars.io/node_modules/_egg-logrotator@3.1.0@egg-logrotator/app/schedule/rotate_by_file.js
2021-03-27 16:19:01,445 INFO 18113 [egg-schedule]: register schedule /Volumes/开发/www/stars/api.stars.io/node_modules/_egg-multipart@2.10.3@egg-multipart/app/schedule/clean_tmpdir.js
2021-03-27 16:19:01,445 INFO 18113 [egg-schedule]: register schedule /Volumes/开发/www/stars/api.stars.io/node_modules/_egg-logrotator@3.1.0@egg-logrotator/app/schedule/clean_log.js
2021-03-27 16:19:01,445 INFO 18113 [egg-schedule]: register schedule /Volumes/开发/www/stars/api.stars.io/node_modules/_egg-logrotator@3.1.0@egg-logrotator/app/schedule/rotate_by_file.js
2021-03-27 16:19:34,489 INFO 18143 [egg-schedule]: register schedule /Volumes/开发/www/stars/api.stars.io/node_modules/_egg-multipart@2.10.3@egg-multipart/app/schedule/clean_tmpdir.js
2021-03-27 16:19:34,489 INFO 18143 [egg-schedule]: register schedule /Volumes/开发/www/stars/api.stars.io/node_modules/_egg-logrotator@3.1.0@egg-logrotator/app/schedule/clean_log.js
2021-03-27 16:19:34,489 INFO 18143 [egg-schedule]: register schedule /Volumes/开发/www/stars/api.stars.io/node_modules/_egg-logrotator@3.1.0@egg-logrotator/app/schedule/rotate_by_file.js
2021-03-27 16:20:36,621 INFO 18185 [egg-schedule]: register schedule /Volumes/开发/www/stars/api.stars.io/node_modules/_egg-multipart@2.10.3@egg-multipart/app/schedule/clean_tmpdir.js
2021-03-27 16:20:36,621 INFO 18185 [egg-schedule]: register schedule /Volumes/开发/www/stars/api.stars.io/node_modules/_egg-logrotator@3.1.0@egg-logrotator/app/schedule/clean_log.js
2021-03-27 16:20:36,621 INFO 18185 [egg-schedule]: register schedule /Volumes/开发/www/stars/api.stars.io/node_modules/_egg-logrotator@3.1.0@egg-logrotator/app/schedule/rotate_by_file.js
2021-03-27 16:23:02,717 INFO 18250 [egg-schedule]: register schedule /Volumes/开发/www/stars/api.stars.io/node_modules/_egg-multipart@2.10.3@egg-multipart/app/schedule/clean_tmpdir.js
2021-03-27 16:23:02,717 INFO 18250 [egg-schedule]: register schedule /Volumes/开发/www/stars/api.stars.io/node_modules/_egg-logrotator@3.1.0@egg-logrotator/app/schedule/clean_log.js
2021-03-27 16:23:02,717 INFO 18250 [egg-schedule]: register schedule /Volumes/开发/www/stars/api.stars.io/node_modules/_egg-logrotator@3.1.0@egg-logrotator/app/schedule/rotate_by_file.js
2021-03-27 16:23:05,690 INFO 18259 [egg-schedule]: register schedule /Volumes/开发/www/stars/api.stars.io/node_modules/_egg-multipart@2.10.3@egg-multipart/app/schedule/clean_tmpdir.js
2021-03-27 16:23:05,690 INFO 18259 [egg-schedule]: register schedule /Volumes/开发/www/stars/api.stars.io/node_modules/_egg-logrotator@3.1.0@egg-logrotator/app/schedule/clean_log.js
2021-03-27 16:23:05,690 INFO 18259 [egg-schedule]: register schedule /Volumes/开发/www/stars/api.stars.io/node_modules/_egg-logrotator@3.1.0@egg-logrotator/app/schedule/rotate_by_file.js
2021-03-27 16:23:46,817 INFO 18306 [egg-schedule]: register schedule /Volumes/开发/www/stars/api.stars.io/node_modules/_egg-multipart@2.10.3@egg-multipart/app/schedule/clean_tmpdir.js
2021-03-27 16:23:46,817 INFO 18306 [egg-schedule]: register schedule /Volumes/开发/www/stars/api.stars.io/node_modules/_egg-logrotator@3.1.0@egg-logrotator/app/schedule/clean_log.js
2021-03-27 16:23:46,817 INFO 18306 [egg-schedule]: register schedule /Volumes/开发/www/stars/api.stars.io/node_modules/_egg-logrotator@3.1.0@egg-logrotator/app/schedule/rotate_by_file.js
2021-03-27 16:24:09,181 INFO 18341 [egg-schedule]: register schedule /Volumes/开发/www/stars/api.stars.io/node_modules/_egg-multipart@2.10.3@egg-multipart/app/schedule/clean_tmpdir.js
2021-03-27 16:24:09,181 INFO 18341 [egg-schedule]: register schedule /Volumes/开发/www/stars/api.stars.io/node_modules/_egg-logrotator@3.1.0@egg-logrotator/app/schedule/clean_log.js
2021-03-27 16:24:09,181 INFO 18341 [egg-schedule]: register schedule /Volumes/开发/www/stars/api.stars.io/node_modules/_egg-logrotator@3.1.0@egg-logrotator/app/schedule/rotate_by_file.js
2021-03-27 16:25:42,850 INFO 18434 [egg-schedule]: register schedule /Volumes/开发/www/stars/api.stars.io/node_modules/_egg-multipart@2.10.3@egg-multipart/app/schedule/clean_tmpdir.js
2021-03-27 16:25:42,850 INFO 18434 [egg-schedule]: register schedule /Volumes/开发/www/stars/api.stars.io/node_modules/_egg-logrotator@3.1.0@egg-logrotator/app/schedule/clean_log.js
2021-03-27 16:25:42,850 INFO 18434 [egg-schedule]: register schedule /Volumes/开发/www/stars/api.stars.io/node_modules/_egg-logrotator@3.1.0@egg-logrotator/app/schedule/rotate_by_file.js
2021-03-27 16:26:09,345 INFO 18468 [egg-schedule]: register schedule /Volumes/开发/www/stars/api.stars.io/node_modules/_egg-multipart@2.10.3@egg-multipart/app/schedule/clean_tmpdir.js
2021-03-27 16:26:09,345 INFO 18468 [egg-schedule]: register schedule /Volumes/开发/www/stars/api.stars.io/node_modules/_egg-logrotator@3.1.0@egg-logrotator/app/schedule/clean_log.js
2021-03-27 16:26:09,345 INFO 18468 [egg-schedule]: register schedule /Volumes/开发/www/stars/api.stars.io/node_modules/_egg-logrotator@3.1.0@egg-logrotator/app/schedule/rotate_by_file.js
2021-03-27 16:26:10,283 INFO 18471 [egg-schedule]: register schedule /Volumes/开发/www/stars/api.stars.io/node_modules/_egg-multipart@2.10.3@egg-multipart/app/schedule/clean_tmpdir.js
2021-03-27 16:26:10,283 INFO 18471 [egg-schedule]: register schedule /Volumes/开发/www/stars/api.stars.io/node_modules/_egg-logrotator@3.1.0@egg-logrotator/app/schedule/clean_log.js
2021-03-27 16:26:10,283 INFO 18471 [egg-schedule]: register schedule /Volumes/开发/www/stars/api.stars.io/node_modules/_egg-logrotator@3.1.0@egg-logrotator/app/schedule/rotate_by_file.js
2021-03-27 16:26:19,119 INFO 18488 [egg-schedule]: register schedule /Volumes/开发/www/stars/api.stars.io/node_modules/_egg-multipart@2.10.3@egg-multipart/app/schedule/clean_tmpdir.js
2021-03-27 16:26:19,119 INFO 18488 [egg-schedule]: register schedule /Volumes/开发/www/stars/api.stars.io/node_modules/_egg-logrotator@3.1.0@egg-logrotator/app/schedule/clean_log.js
2021-03-27 16:26:19,119 INFO 18488 [egg-schedule]: register schedule /Volumes/开发/www/stars/api.stars.io/node_modules/_egg-logrotator@3.1.0@egg-logrotator/app/schedule/rotate_by_file.js
2021-03-27 16:34:36,377 INFO 18636 [egg-schedule]: register schedule /Volumes/开发/www/stars/api.stars.io/node_modules/_egg-multipart@2.10.3@egg-multipart/app/schedule/clean_tmpdir.js
2021-03-27 16:34:36,377 INFO 18636 [egg-schedule]: register schedule /Volumes/开发/www/stars/api.stars.io/node_modules/_egg-logrotator@3.1.0@egg-logrotator/app/schedule/clean_log.js
2021-03-27 16:34:36,377 INFO 18636 [egg-schedule]: register schedule /Volumes/开发/www/stars/api.stars.io/node_modules/_egg-logrotator@3.1.0@egg-logrotator/app/schedule/rotate_by_file.js
2021-03-27 16:38:03,503 INFO 18723 [egg-schedule]: register schedule /Volumes/开发/www/stars/api.stars.io/node_modules/_egg-multipart@2.10.3@egg-multipart/app/schedule/clean_tmpdir.js
2021-03-27 16:38:03,503 INFO 18723 [egg-schedule]: register schedule /Volumes/开发/www/stars/api.stars.io/node_modules/_egg-logrotator@3.1.0@egg-logrotator/app/schedule/clean_log.js
2021-03-27 16:38:03,503 INFO 18723 [egg-schedule]: register schedule /Volumes/开发/www/stars/api.stars.io/node_modules/_egg-logrotator@3.1.0@egg-logrotator/app/schedule/rotate_by_file.js
2021-03-27 16:38:06,595 INFO 18733 [egg-schedule]: register schedule /Volumes/开发/www/stars/api.stars.io/node_modules/_egg-multipart@2.10.3@egg-multipart/app/schedule/clean_tmpdir.js
2021-03-27 16:38:06,595 INFO 18733 [egg-schedule]: register schedule /Volumes/开发/www/stars/api.stars.io/node_modules/_egg-logrotator@3.1.0@egg-logrotator/app/schedule/clean_log.js
2021-03-27 16:38:06,595 INFO 18733 [egg-schedule]: register schedule /Volumes/开发/www/stars/api.stars.io/node_modules/_egg-logrotator@3.1.0@egg-logrotator/app/schedule/rotate_by_file.js
2021-03-27 16:40:56,406 INFO 18814 [egg-schedule]: register schedule /Volumes/开发/www/stars/api.stars.io/node_modules/_egg-multipart@2.10.3@egg-multipart/app/schedule/clean_tmpdir.js
2021-03-27 16:40:56,406 INFO 18814 [egg-schedule]: register schedule /Volumes/开发/www/stars/api.stars.io/node_modules/_egg-logrotator@3.1.0@egg-logrotator/app/schedule/clean_log.js
2021-03-27 16:40:56,406 INFO 18814 [egg-schedule]: register schedule /Volumes/开发/www/stars/api.stars.io/node_modules/_egg-logrotator@3.1.0@egg-logrotator/app/schedule/rotate_by_file.js
2021-03-27 16:41:09,998 INFO 18835 [egg-schedule]: register schedule /Volumes/开发/www/stars/api.stars.io/node_modules/_egg-multipart@2.10.3@egg-multipart/app/schedule/clean_tmpdir.js
2021-03-27 16:41:09,998 INFO 18835 [egg-schedule]: register schedule /Volumes/开发/www/stars/api.stars.io/node_modules/_egg-logrotator@3.1.0@egg-logrotator/app/schedule/clean_log.js
2021-03-27 16:41:09,998 INFO 18835 [egg-schedule]: register schedule /Volumes/开发/www/stars/api.stars.io/node_modules/_egg-logrotator@3.1.0@egg-logrotator/app/schedule/rotate_by_file.js
2021-03-27 16:42:17,602 INFO 18899 [egg-schedule]: register schedule /Volumes/开发/www/stars/api.stars.io/node_modules/_egg-multipart@2.10.3@egg-multipart/app/schedule/clean_tmpdir.js
2021-03-27 16:42:17,602 INFO 18899 [egg-schedule]: register schedule /Volumes/开发/www/stars/api.stars.io/node_modules/_egg-logrotator@3.1.0@egg-logrotator/app/schedule/clean_log.js
2021-03-27 16:42:17,602 INFO 18899 [egg-schedule]: register schedule /Volumes/开发/www/stars/api.stars.io/node_modules/_egg-logrotator@3.1.0@egg-logrotator/app/schedule/rotate_by_file.js
2021-03-27 16:46:08,821 INFO 18973 [egg-schedule]: register schedule /Volumes/开发/www/stars/api.stars.io/node_modules/_egg-multipart@2.10.3@egg-multipart/app/schedule/clean_tmpdir.js
2021-03-27 16:46:08,821 INFO 18973 [egg-schedule]: register schedule /Volumes/开发/www/stars/api.stars.io/node_modules/_egg-logrotator@3.1.0@egg-logrotator/app/schedule/clean_log.js
2021-03-27 16:46:08,821 INFO 18973 [egg-schedule]: register schedule /Volumes/开发/www/stars/api.stars.io/node_modules/_egg-logrotator@3.1.0@egg-logrotator/app/schedule/rotate_by_file.js
2021-03-27 16:46:11,730 INFO 18981 [egg-schedule]: register schedule /Volumes/开发/www/stars/api.stars.io/node_modules/_egg-multipart@2.10.3@egg-multipart/app/schedule/clean_tmpdir.js
2021-03-27 16:46:11,730 INFO 18981 [egg-schedule]: register schedule /Volumes/开发/www/stars/api.stars.io/node_modules/_egg-logrotator@3.1.0@egg-logrotator/app/schedule/clean_log.js
2021-03-27 16:46:11,730 INFO 18981 [egg-schedule]: register schedule /Volumes/开发/www/stars/api.stars.io/node_modules/_egg-logrotator@3.1.0@egg-logrotator/app/schedule/rotate_by_file.js
2021-03-27 16:46:17,354 INFO 18997 [egg-schedule]: register schedule /Volumes/开发/www/stars/api.stars.io/node_modules/_egg-multipart@2.10.3@egg-multipart/app/schedule/clean_tmpdir.js
2021-03-27 16:46:17,354 INFO 18997 [egg-schedule]: register schedule /Volumes/开发/www/stars/api.stars.io/node_modules/_egg-logrotator@3.1.0@egg-logrotator/app/schedule/clean_log.js
2021-03-27 16:46:17,354 INFO 18997 [egg-schedule]: register schedule /Volumes/开发/www/stars/api.stars.io/node_modules/_egg-logrotator@3.1.0@egg-logrotator/app/schedule/rotate_by_file.js
2021-03-27 16:53:39,727 INFO 19186 [egg-schedule]: register schedule /Volumes/开发/www/stars/api.stars.io/node_modules/_egg-multipart@2.10.3@egg-multipart/app/schedule/clean_tmpdir.js
2021-03-27 16:53:39,727 INFO 19186 [egg-schedule]: register schedule /Volumes/开发/www/stars/api.stars.io/node_modules/_egg-logrotator@3.1.0@egg-logrotator/app/schedule/clean_log.js
2021-03-27 16:53:39,727 INFO 19186 [egg-schedule]: register schedule /Volumes/开发/www/stars/api.stars.io/node_modules/_egg-logrotator@3.1.0@egg-logrotator/app/schedule/rotate_by_file.js
2021-03-27 16:54:02,682 INFO 19203 [egg-schedule]: register schedule /Volumes/开发/www/stars/api.stars.io/node_modules/_egg-multipart@2.10.3@egg-multipart/app/schedule/clean_tmpdir.js
2021-03-27 16:54:02,682 INFO 19203 [egg-schedule]: register schedule /Volumes/开发/www/stars/api.stars.io/node_modules/_egg-logrotator@3.1.0@egg-logrotator/app/schedule/clean_log.js
2021-03-27 16:54:02,682 INFO 19203 [egg-schedule]: register schedule /Volumes/开发/www/stars/api.stars.io/node_modules/_egg-logrotator@3.1.0@egg-logrotator/app/schedule/rotate_by_file.js
2021-03-27 16:54:03,560 INFO 19204 [egg-schedule]: register schedule /Volumes/开发/www/stars/api.stars.io/node_modules/_egg-multipart@2.10.3@egg-multipart/app/schedule/clean_tmpdir.js
2021-03-27 16:54:03,560 INFO 19204 [egg-schedule]: register schedule /Volumes/开发/www/stars/api.stars.io/node_modules/_egg-logrotator@3.1.0@egg-logrotator/app/schedule/clean_log.js
2021-03-27 16:54:03,560 INFO 19204 [egg-schedule]: register schedule /Volumes/开发/www/stars/api.stars.io/node_modules/_egg-logrotator@3.1.0@egg-logrotator/app/schedule/rotate_by_file.js
2021-03-27 17:06:55,271 INFO 19429 [egg-schedule]: register schedule /Volumes/开发/www/stars/api.stars.io/node_modules/_egg-multipart@2.10.3@egg-multipart/app/schedule/clean_tmpdir.js
2021-03-27 17:06:55,271 INFO 19429 [egg-schedule]: register schedule /Volumes/开发/www/stars/api.stars.io/node_modules/_egg-logrotator@3.1.0@egg-logrotator/app/schedule/clean_log.js
2021-03-27 17:06:55,271 INFO 19429 [egg-schedule]: register schedule /Volumes/开发/www/stars/api.stars.io/node_modules/_egg-logrotator@3.1.0@egg-logrotator/app/schedule/rotate_by_file.js
2021-03-27 17:07:29,139 INFO 19473 [egg-schedule]: register schedule /Volumes/开发/www/stars/api.stars.io/node_modules/_egg-multipart@2.10.3@egg-multipart/app/schedule/clean_tmpdir.js
2021-03-27 17:07:29,139 INFO 19473 [egg-schedule]: register schedule /Volumes/开发/www/stars/api.stars.io/node_modules/_egg-logrotator@3.1.0@egg-logrotator/app/schedule/clean_log.js
2021-03-27 17:07:29,139 INFO 19473 [egg-schedule]: register schedule /Volumes/开发/www/stars/api.stars.io/node_modules/_egg-logrotator@3.1.0@egg-logrotator/app/schedule/rotate_by_file.js
2021-03-27 17:08:16,442 INFO 19505 [egg-schedule]: register schedule /Volumes/开发/www/stars/api.stars.io/node_modules/_egg-multipart@2.10.3@egg-multipart/app/schedule/clean_tmpdir.js
2021-03-27 17:08:16,442 INFO 19505 [egg-schedule]: register schedule /Volumes/开发/www/stars/api.stars.io/node_modules/_egg-logrotator@3.1.0@egg-logrotator/app/schedule/clean_log.js
2021-03-27 17:08:16,442 INFO 19505 [egg-schedule]: register schedule /Volumes/开发/www/stars/api.stars.io/node_modules/_egg-logrotator@3.1.0@egg-logrotator/app/schedule/rotate_by_file.js
2021-03-27 17:22:52,871 INFO 19713 [egg-schedule]: register schedule /Volumes/开发/www/stars/api.stars.io/node_modules/_egg-multipart@2.10.3@egg-multipart/app/schedule/clean_tmpdir.js
2021-03-27 17:22:52,871 INFO 19713 [egg-schedule]: register schedule /Volumes/开发/www/stars/api.stars.io/node_modules/_egg-logrotator@3.1.0@egg-logrotator/app/schedule/clean_log.js
2021-03-27 17:22:52,871 INFO 19713 [egg-schedule]: register schedule /Volumes/开发/www/stars/api.stars.io/node_modules/_egg-logrotator@3.1.0@egg-logrotator/app/schedule/rotate_by_file.js
2021-03-27 17:22:55,922 INFO 19720 [egg-schedule]: register schedule /Volumes/开发/www/stars/api.stars.io/node_modules/_egg-multipart@2.10.3@egg-multipart/app/schedule/clean_tmpdir.js
2021-03-27 17:22:55,922 INFO 19720 [egg-schedule]: register schedule /Volumes/开发/www/stars/api.stars.io/node_modules/_egg-logrotator@3.1.0@egg-logrotator/app/schedule/clean_log.js
2021-03-27 17:22:55,922 INFO 19720 [egg-schedule]: register schedule /Volumes/开发/www/stars/api.stars.io/node_modules/_egg-logrotator@3.1.0@egg-logrotator/app/schedule/rotate_by_file.js
2021-03-27 17:23:41,735 INFO 19745 [egg-schedule]: register schedule /Volumes/开发/www/stars/api.stars.io/node_modules/_egg-multipart@2.10.3@egg-multipart/app/schedule/clean_tmpdir.js
2021-03-27 17:23:41,735 INFO 19745 [egg-schedule]: register schedule /Volumes/开发/www/stars/api.stars.io/node_modules/_egg-logrotator@3.1.0@egg-logrotator/app/schedule/clean_log.js
2021-03-27 17:23:41,735 INFO 19745 [egg-schedule]: register schedule /Volumes/开发/www/stars/api.stars.io/node_modules/_egg-logrotator@3.1.0@egg-logrotator/app/schedule/rotate_by_file.js
2021-03-27 17:24:06,174 INFO 19771 [egg-schedule]: register schedule /Volumes/开发/www/stars/api.stars.io/node_modules/_egg-multipart@2.10.3@egg-multipart/app/schedule/clean_tmpdir.js
2021-03-27 17:24:06,174 INFO 19771 [egg-schedule]: register schedule /Volumes/开发/www/stars/api.stars.io/node_modules/_egg-logrotator@3.1.0@egg-logrotator/app/schedule/clean_log.js
2021-03-27 17:24:06,174 INFO 19771 [egg-schedule]: register schedule /Volumes/开发/www/stars/api.stars.io/node_modules/_egg-logrotator@3.1.0@egg-logrotator/app/schedule/rotate_by_file.js
2021-03-27 17:25:23,336 INFO 19816 [egg-schedule]: register schedule /Volumes/开发/www/stars/api.stars.io/node_modules/_egg-multipart@2.10.3@egg-multipart/app/schedule/clean_tmpdir.js
2021-03-27 17:25:23,336 INFO 19816 [egg-schedule]: register schedule /Volumes/开发/www/stars/api.stars.io/node_modules/_egg-logrotator@3.1.0@egg-logrotator/app/schedule/clean_log.js
2021-03-27 17:25:23,336 INFO 19816 [egg-schedule]: register schedule /Volumes/开发/www/stars/api.stars.io/node_modules/_egg-logrotator@3.1.0@egg-logrotator/app/schedule/rotate_by_file.js
2021-03-27 17:25:36,658 INFO 19829 [egg-schedule]: register schedule /Volumes/开发/www/stars/api.stars.io/node_modules/_egg-multipart@2.10.3@egg-multipart/app/schedule/clean_tmpdir.js
2021-03-27 17:25:36,658 INFO 19829 [egg-schedule]: register schedule /Volumes/开发/www/stars/api.stars.io/node_modules/_egg-logrotator@3.1.0@egg-logrotator/app/schedule/clean_log.js
2021-03-27 17:25:36,658 INFO 19829 [egg-schedule]: register schedule /Volumes/开发/www/stars/api.stars.io/node_modules/_egg-logrotator@3.1.0@egg-logrotator/app/schedule/rotate_by_file.js
2021-03-27 17:25:54,924 INFO 19858 [egg-schedule]: register schedule /Volumes/开发/www/stars/api.stars.io/node_modules/_egg-multipart@2.10.3@egg-multipart/app/schedule/clean_tmpdir.js
2021-03-27 17:25:54,924 INFO 19858 [egg-schedule]: register schedule /Volumes/开发/www/stars/api.stars.io/node_modules/_egg-logrotator@3.1.0@egg-logrotator/app/schedule/clean_log.js
2021-03-27 17:25:54,924 INFO 19858 [egg-schedule]: register schedule /Volumes/开发/www/stars/api.stars.io/node_modules/_egg-logrotator@3.1.0@egg-logrotator/app/schedule/rotate_by_file.js
2021-03-27 17:26:15,258 INFO 19876 [egg-schedule]: register schedule /Volumes/开发/www/stars/api.stars.io/node_modules/_egg-multipart@2.10.3@egg-multipart/app/schedule/clean_tmpdir.js
2021-03-27 17:26:15,258 INFO 19876 [egg-schedule]: register schedule /Volumes/开发/www/stars/api.stars.io/node_modules/_egg-logrotator@3.1.0@egg-logrotator/app/schedule/clean_log.js
2021-03-27 17:26:15,258 INFO 19876 [egg-schedule]: register schedule /Volumes/开发/www/stars/api.stars.io/node_modules/_egg-logrotator@3.1.0@egg-logrotator/app/schedule/rotate_by_file.js
2021-03-27 17:29:28,034 INFO 19953 [egg-schedule]: register schedule /Volumes/开发/www/stars/api.stars.io/node_modules/_egg-multipart@2.10.3@egg-multipart/app/schedule/clean_tmpdir.js
2021-03-27 17:29:28,034 INFO 19953 [egg-schedule]: register schedule /Volumes/开发/www/stars/api.stars.io/node_modules/_egg-logrotator@3.1.0@egg-logrotator/app/schedule/clean_log.js
2021-03-27 17:29:28,034 INFO 19953 [egg-schedule]: register schedule /Volumes/开发/www/stars/api.stars.io/node_modules/_egg-logrotator@3.1.0@egg-logrotator/app/schedule/rotate_by_file.js
2021-03-27 17:29:50,547 INFO 19973 [egg-schedule]: register schedule /Volumes/开发/www/stars/api.stars.io/node_modules/_egg-multipart@2.10.3@egg-multipart/app/schedule/clean_tmpdir.js
2021-03-27 17:29:50,547 INFO 19973 [egg-schedule]: register schedule /Volumes/开发/www/stars/api.stars.io/node_modules/_egg-logrotator@3.1.0@egg-logrotator/app/schedule/clean_log.js
2021-03-27 17:29:50,547 INFO 19973 [egg-schedule]: register schedule /Volumes/开发/www/stars/api.stars.io/node_modules/_egg-logrotator@3.1.0@egg-logrotator/app/schedule/rotate_by_file.js
2021-03-27 17:31:14,409 INFO 20001 [egg-schedule]: register schedule /Volumes/开发/www/stars/api.stars.io/node_modules/_egg-multipart@2.10.3@egg-multipart/app/schedule/clean_tmpdir.js
2021-03-27 17:31:14,409 INFO 20001 [egg-schedule]: register schedule /Volumes/开发/www/stars/api.stars.io/node_modules/_egg-logrotator@3.1.0@egg-logrotator/app/schedule/clean_log.js
2021-03-27 17:31:14,409 INFO 20001 [egg-schedule]: register schedule /Volumes/开发/www/stars/api.stars.io/node_modules/_egg-logrotator@3.1.0@egg-logrotator/app/schedule/rotate_by_file.js
2021-03-27 17:31:22,881 INFO 20013 [egg-schedule]: register schedule /Volumes/开发/www/stars/api.stars.io/node_modules/_egg-multipart@2.10.3@egg-multipart/app/schedule/clean_tmpdir.js
2021-03-27 17:31:22,881 INFO 20013 [egg-schedule]: register schedule /Volumes/开发/www/stars/api.stars.io/node_modules/_egg-logrotator@3.1.0@egg-logrotator/app/schedule/clean_log.js
2021-03-27 17:31:22,881 INFO 20013 [egg-schedule]: register schedule /Volumes/开发/www/stars/api.stars.io/node_modules/_egg-logrotator@3.1.0@egg-logrotator/app/schedule/rotate_by_file.js
2021-03-27 17:31:43,701 INFO 20028 [egg-schedule]: register schedule /Volumes/开发/www/stars/api.stars.io/node_modules/_egg-multipart@2.10.3@egg-multipart/app/schedule/clean_tmpdir.js
2021-03-27 17:31:43,701 INFO 20028 [egg-schedule]: register schedule /Volumes/开发/www/stars/api.stars.io/node_modules/_egg-logrotator@3.1.0@egg-logrotator/app/schedule/clean_log.js
2021-03-27 17:31:43,701 INFO 20028 [egg-schedule]: register schedule /Volumes/开发/www/stars/api.stars.io/node_modules/_egg-logrotator@3.1.0@egg-logrotator/app/schedule/rotate_by_file.js
2021-03-27 17:33:06,416 INFO 20039 [egg-schedule]: register schedule /Volumes/开发/www/stars/api.stars.io/node_modules/_egg-multipart@2.10.3@egg-multipart/app/schedule/clean_tmpdir.js
2021-03-27 17:33:06,416 INFO 20039 [egg-schedule]: register schedule /Volumes/开发/www/stars/api.stars.io/node_modules/_egg-logrotator@3.1.0@egg-logrotator/app/schedule/clean_log.js
2021-03-27 17:33:06,416 INFO 20039 [egg-schedule]: register schedule /Volumes/开发/www/stars/api.stars.io/node_modules/_egg-logrotator@3.1.0@egg-logrotator/app/schedule/rotate_by_file.js
2021-03-27 17:33:29,507 INFO 20059 [egg-schedule]: register schedule /Volumes/开发/www/stars/api.stars.io/node_modules/_egg-multipart@2.10.3@egg-multipart/app/schedule/clean_tmpdir.js
2021-03-27 17:33:29,507 INFO 20059 [egg-schedule]: register schedule /Volumes/开发/www/stars/api.stars.io/node_modules/_egg-logrotator@3.1.0@egg-logrotator/app/schedule/clean_log.js
2021-03-27 17:33:29,507 INFO 20059 [egg-schedule]: register schedule /Volumes/开发/www/stars/api.stars.io/node_modules/_egg-logrotator@3.1.0@egg-logrotator/app/schedule/rotate_by_file.js
2021-03-27 17:34:56,996 INFO 20093 [egg-schedule]: register schedule /Volumes/开发/www/stars/api.stars.io/node_modules/_egg-multipart@2.10.3@egg-multipart/app/schedule/clean_tmpdir.js
2021-03-27 17:34:56,996 INFO 20093 [egg-schedule]: register schedule /Volumes/开发/www/stars/api.stars.io/node_modules/_egg-logrotator@3.1.0@egg-logrotator/app/schedule/clean_log.js
2021-03-27 17:34:56,996 INFO 20093 [egg-schedule]: register schedule /Volumes/开发/www/stars/api.stars.io/node_modules/_egg-logrotator@3.1.0@egg-logrotator/app/schedule/rotate_by_file.js
2021-03-27 17:35:47,575 INFO 20129 [egg-schedule]: register schedule /Volumes/开发/www/stars/api.stars.io/node_modules/_egg-multipart@2.10.3@egg-multipart/app/schedule/clean_tmpdir.js
2021-03-27 17:35:47,575 INFO 20129 [egg-schedule]: register schedule /Volumes/开发/www/stars/api.stars.io/node_modules/_egg-logrotator@3.1.0@egg-logrotator/app/schedule/clean_log.js
2021-03-27 17:35:47,575 INFO 20129 [egg-schedule]: register schedule /Volumes/开发/www/stars/api.stars.io/node_modules/_egg-logrotator@3.1.0@egg-logrotator/app/schedule/rotate_by_file.js
2021-03-27 17:36:10,086 INFO 20158 [egg-schedule]: register schedule /Volumes/开发/www/stars/api.stars.io/node_modules/_egg-multipart@2.10.3@egg-multipart/app/schedule/clean_tmpdir.js
2021-03-27 17:36:10,086 INFO 20158 [egg-schedule]: register schedule /Volumes/开发/www/stars/api.stars.io/node_modules/_egg-logrotator@3.1.0@egg-logrotator/app/schedule/clean_log.js
2021-03-27 17:36:10,086 INFO 20158 [egg-schedule]: register schedule /Volumes/开发/www/stars/api.stars.io/node_modules/_egg-logrotator@3.1.0@egg-logrotator/app/schedule/rotate_by_file.js
2021-03-27 17:36:22,858 INFO 20172 [egg-schedule]: register schedule /Volumes/开发/www/stars/api.stars.io/node_modules/_egg-multipart@2.10.3@egg-multipart/app/schedule/clean_tmpdir.js
2021-03-27 17:36:22,858 INFO 20172 [egg-schedule]: register schedule /Volumes/开发/www/stars/api.stars.io/node_modules/_egg-logrotator@3.1.0@egg-logrotator/app/schedule/clean_log.js
2021-03-27 17:36:22,858 INFO 20172 [egg-schedule]: register schedule /Volumes/开发/www/stars/api.stars.io/node_modules/_egg-logrotator@3.1.0@egg-logrotator/app/schedule/rotate_by_file.js
2021-03-27 17:36:51,180 INFO 20212 [egg-schedule]: register schedule /Volumes/开发/www/stars/api.stars.io/node_modules/_egg-multipart@2.10.3@egg-multipart/app/schedule/clean_tmpdir.js
2021-03-27 17:36:51,180 INFO 20212 [egg-schedule]: register schedule /Volumes/开发/www/stars/api.stars.io/node_modules/_egg-logrotator@3.1.0@egg-logrotator/app/schedule/clean_log.js
2021-03-27 17:36:51,180 INFO 20212 [egg-schedule]: register schedule /Volumes/开发/www/stars/api.stars.io/node_modules/_egg-logrotator@3.1.0@egg-logrotator/app/schedule/rotate_by_file.js
2021-03-27 17:37:18,204 INFO 20230 [egg-schedule]: register schedule /Volumes/开发/www/stars/api.stars.io/node_modules/_egg-multipart@2.10.3@egg-multipart/app/schedule/clean_tmpdir.js
2021-03-27 17:37:18,204 INFO 20230 [egg-schedule]: register schedule /Volumes/开发/www/stars/api.stars.io/node_modules/_egg-logrotator@3.1.0@egg-logrotator/app/schedule/clean_log.js
2021-03-27 17:37:18,204 INFO 20230 [egg-schedule]: register schedule /Volumes/开发/www/stars/api.stars.io/node_modules/_egg-logrotator@3.1.0@egg-logrotator/app/schedule/rotate_by_file.js
2021-03-27 17:37:25,713 INFO 20247 [egg-schedule]: register schedule /Volumes/开发/www/stars/api.stars.io/node_modules/_egg-multipart@2.10.3@egg-multipart/app/schedule/clean_tmpdir.js
2021-03-27 17:37:25,713 INFO 20247 [egg-schedule]: register schedule /Volumes/开发/www/stars/api.stars.io/node_modules/_egg-logrotator@3.1.0@egg-logrotator/app/schedule/clean_log.js
2021-03-27 17:37:25,713 INFO 20247 [egg-schedule]: register schedule /Volumes/开发/www/stars/api.stars.io/node_modules/_egg-logrotator@3.1.0@egg-logrotator/app/schedule/rotate_by_file.js
2021-03-27 17:37:35,569 INFO 20264 [egg-schedule]: register schedule /Volumes/开发/www/stars/api.stars.io/node_modules/_egg-multipart@2.10.3@egg-multipart/app/schedule/clean_tmpdir.js
2021-03-27 17:37:35,569 INFO 20264 [egg-schedule]: register schedule /Volumes/开发/www/stars/api.stars.io/node_modules/_egg-logrotator@3.1.0@egg-logrotator/app/schedule/clean_log.js
2021-03-27 17:37:35,569 INFO 20264 [egg-schedule]: register schedule /Volumes/开发/www/stars/api.stars.io/node_modules/_egg-logrotator@3.1.0@egg-logrotator/app/schedule/rotate_by_file.js
2021-03-27 17:37:47,108 INFO 20279 [egg-schedule]: register schedule /Volumes/开发/www/stars/api.stars.io/node_modules/_egg-multipart@2.10.3@egg-multipart/app/schedule/clean_tmpdir.js
2021-03-27 17:37:47,108 INFO 20279 [egg-schedule]: register schedule /Volumes/开发/www/stars/api.stars.io/node_modules/_egg-logrotator@3.1.0@egg-logrotator/app/schedule/clean_log.js
2021-03-27 17:37:47,108 INFO 20279 [egg-schedule]: register schedule /Volumes/开发/www/stars/api.stars.io/node_modules/_egg-logrotator@3.1.0@egg-logrotator/app/schedule/rotate_by_file.js
2021-03-27 17:38:03,578 INFO 20306 [egg-schedule]: register schedule /Volumes/开发/www/stars/api.stars.io/node_modules/_egg-multipart@2.10.3@egg-multipart/app/schedule/clean_tmpdir.js
2021-03-27 17:38:03,578 INFO 20306 [egg-schedule]: register schedule /Volumes/开发/www/stars/api.stars.io/node_modules/_egg-logrotator@3.1.0@egg-logrotator/app/schedule/clean_log.js
2021-03-27 17:38:03,578 INFO 20306 [egg-schedule]: register schedule /Volumes/开发/www/stars/api.stars.io/node_modules/_egg-logrotator@3.1.0@egg-logrotator/app/schedule/rotate_by_file.js
2021-03-27 17:38:19,899 INFO 20322 [egg-schedule]: register schedule /Volumes/开发/www/stars/api.stars.io/node_modules/_egg-multipart@2.10.3@egg-multipart/app/schedule/clean_tmpdir.js
2021-03-27 17:38:19,899 INFO 20322 [egg-schedule]: register schedule /Volumes/开发/www/stars/api.stars.io/node_modules/_egg-logrotator@3.1.0@egg-logrotator/app/schedule/clean_log.js
2021-03-27 17:38:19,899 INFO 20322 [egg-schedule]: register schedule /Volumes/开发/www/stars/api.stars.io/node_modules/_egg-logrotator@3.1.0@egg-logrotator/app/schedule/rotate_by_file.js
2021-03-27 17:38:27,741 INFO 20336 [egg-schedule]: register schedule /Volumes/开发/www/stars/api.stars.io/node_modules/_egg-multipart@2.10.3@egg-multipart/app/schedule/clean_tmpdir.js
2021-03-27 17:38:27,741 INFO 20336 [egg-schedule]: register schedule /Volumes/开发/www/stars/api.stars.io/node_modules/_egg-logrotator@3.1.0@egg-logrotator/app/schedule/clean_log.js
2021-03-27 17:38:27,741 INFO 20336 [egg-schedule]: register schedule /Volumes/开发/www/stars/api.stars.io/node_modules/_egg-logrotator@3.1.0@egg-logrotator/app/schedule/rotate_by_file.js
2021-03-27 17:38:37,265 INFO 20344 [egg-schedule]: register schedule /Volumes/开发/www/stars/api.stars.io/node_modules/_egg-multipart@2.10.3@egg-multipart/app/schedule/clean_tmpdir.js
2021-03-27 17:38:37,265 INFO 20344 [egg-schedule]: register schedule /Volumes/开发/www/stars/api.stars.io/node_modules/_egg-logrotator@3.1.0@egg-logrotator/app/schedule/clean_log.js
2021-03-27 17:38:37,265 INFO 20344 [egg-schedule]: register schedule /Volumes/开发/www/stars/api.stars.io/node_modules/_egg-logrotator@3.1.0@egg-logrotator/app/schedule/rotate_by_file.js
2021-03-27 17:38:57,640 INFO 20380 [egg-schedule]: register schedule /Volumes/开发/www/stars/api.stars.io/node_modules/_egg-multipart@2.10.3@egg-multipart/app/schedule/clean_tmpdir.js
2021-03-27 17:38:57,641 INFO 20380 [egg-schedule]: register schedule /Volumes/开发/www/stars/api.stars.io/node_modules/_egg-logrotator@3.1.0@egg-logrotator/app/schedule/clean_log.js
2021-03-27 17:38:57,641 INFO 20380 [egg-schedule]: register schedule /Volumes/开发/www/stars/api.stars.io/node_modules/_egg-logrotator@3.1.0@egg-logrotator/app/schedule/rotate_by_file.js
2021-03-27 17:39:21,952 INFO 20398 [egg-schedule]: register schedule /Volumes/开发/www/stars/api.stars.io/node_modules/_egg-multipart@2.10.3@egg-multipart/app/schedule/clean_tmpdir.js
2021-03-27 17:39:21,952 INFO 20398 [egg-schedule]: register schedule /Volumes/开发/www/stars/api.stars.io/node_modules/_egg-logrotator@3.1.0@egg-logrotator/app/schedule/clean_log.js
2021-03-27 17:39:21,952 INFO 20398 [egg-schedule]: register schedule /Volumes/开发/www/stars/api.stars.io/node_modules/_egg-logrotator@3.1.0@egg-logrotator/app/schedule/rotate_by_file.js
2021-03-27 17:40:10,515 INFO 20422 [egg-schedule]: register schedule /Volumes/开发/www/stars/api.stars.io/node_modules/_egg-multipart@2.10.3@egg-multipart/app/schedule/clean_tmpdir.js
2021-03-27 17:40:10,515 INFO 20422 [egg-schedule]: register schedule /Volumes/开发/www/stars/api.stars.io/node_modules/_egg-logrotator@3.1.0@egg-logrotator/app/schedule/clean_log.js
2021-03-27 17:40:10,515 INFO 20422 [egg-schedule]: register schedule /Volumes/开发/www/stars/api.stars.io/node_modules/_egg-logrotator@3.1.0@egg-logrotator/app/schedule/rotate_by_file.js
2021-03-27 17:40:23,970 INFO 20436 [egg-schedule]: register schedule /Volumes/开发/www/stars/api.stars.io/node_modules/_egg-multipart@2.10.3@egg-multipart/app/schedule/clean_tmpdir.js
2021-03-27 17:40:23,970 INFO 20436 [egg-schedule]: register schedule /Volumes/开发/www/stars/api.stars.io/node_modules/_egg-logrotator@3.1.0@egg-logrotator/app/schedule/clean_log.js
2021-03-27 17:40:23,970 INFO 20436 [egg-schedule]: register schedule /Volumes/开发/www/stars/api.stars.io/node_modules/_egg-logrotator@3.1.0@egg-logrotator/app/schedule/rotate_by_file.js
2021-03-27 17:40:37,202 INFO 20453 [egg-schedule]: register schedule /Volumes/开发/www/stars/api.stars.io/node_modules/_egg-multipart@2.10.3@egg-multipart/app/schedule/clean_tmpdir.js
2021-03-27 17:40:37,202 INFO 20453 [egg-schedule]: register schedule /Volumes/开发/www/stars/api.stars.io/node_modules/_egg-logrotator@3.1.0@egg-logrotator/app/schedule/clean_log.js
2021-03-27 17:40:37,202 INFO 20453 [egg-schedule]: register schedule /Volumes/开发/www/stars/api.stars.io/node_modules/_egg-logrotator@3.1.0@egg-logrotator/app/schedule/rotate_by_file.js
2021-03-27 17:41:20,747 INFO 20473 [egg-schedule]: register schedule /Volumes/开发/www/stars/api.stars.io/node_modules/_egg-multipart@2.10.3@egg-multipart/app/schedule/clean_tmpdir.js
2021-03-27 17:41:20,747 INFO 20473 [egg-schedule]: register schedule /Volumes/开发/www/stars/api.stars.io/node_modules/_egg-logrotator@3.1.0@egg-logrotator/app/schedule/clean_log.js
2021-03-27 17:41:20,747 INFO 20473 [egg-schedule]: register schedule /Volumes/开发/www/stars/api.stars.io/node_modules/_egg-logrotator@3.1.0@egg-logrotator/app/schedule/rotate_by_file.js
2021-03-27 17:41:39,600 INFO 20498 [egg-schedule]: register schedule /Volumes/开发/www/stars/api.stars.io/node_modules/_egg-multipart@2.10.3@egg-multipart/app/schedule/clean_tmpdir.js
2021-03-27 17:41:39,601 INFO 20498 [egg-schedule]: register schedule /Volumes/开发/www/stars/api.stars.io/node_modules/_egg-logrotator@3.1.0@egg-logrotator/app/schedule/clean_log.js
2021-03-27 17:41:39,601 INFO 20498 [egg-schedule]: register schedule /Volumes/开发/www/stars/api.stars.io/node_modules/_egg-logrotator@3.1.0@egg-logrotator/app/schedule/rotate_by_file.js
2021-03-27 17:41:46,916 INFO 20511 [egg-schedule]: register schedule /Volumes/开发/www/stars/api.stars.io/node_modules/_egg-multipart@2.10.3@egg-multipart/app/schedule/clean_tmpdir.js
2021-03-27 17:41:46,916 INFO 20511 [egg-schedule]: register schedule /Volumes/开发/www/stars/api.stars.io/node_modules/_egg-logrotator@3.1.0@egg-logrotator/app/schedule/clean_log.js
2021-03-27 17:41:46,916 INFO 20511 [egg-schedule]: register schedule /Volumes/开发/www/stars/api.stars.io/node_modules/_egg-logrotator@3.1.0@egg-logrotator/app/schedule/rotate_by_file.js
2021-03-27 17:45:09,815 INFO 20558 [egg-schedule]: register schedule /Volumes/开发/www/stars/api.stars.io/node_modules/_egg-multipart@2.10.3@egg-multipart/app/schedule/clean_tmpdir.js
2021-03-27 17:45:09,815 INFO 20558 [egg-schedule]: register schedule /Volumes/开发/www/stars/api.stars.io/node_modules/_egg-logrotator@3.1.0@egg-logrotator/app/schedule/clean_log.js
2021-03-27 17:45:09,816 INFO 20558 [egg-schedule]: register schedule /Volumes/开发/www/stars/api.stars.io/node_modules/_egg-logrotator@3.1.0@egg-logrotator/app/schedule/rotate_by_file.js
2021-03-27 17:45:16,432 INFO 20579 [egg-schedule]: register schedule /Volumes/开发/www/stars/api.stars.io/node_modules/_egg-multipart@2.10.3@egg-multipart/app/schedule/clean_tmpdir.js
2021-03-27 17:45:16,432 INFO 20579 [egg-schedule]: register schedule /Volumes/开发/www/stars/api.stars.io/node_modules/_egg-logrotator@3.1.0@egg-logrotator/app/schedule/clean_log.js
2021-03-27 17:45:16,432 INFO 20579 [egg-schedule]: register schedule /Volumes/开发/www/stars/api.stars.io/node_modules/_egg-logrotator@3.1.0@egg-logrotator/app/schedule/rotate_by_file.js
2021-03-27 17:45:36,603 INFO 20593 [egg-schedule]: register schedule /Volumes/开发/www/stars/api.stars.io/node_modules/_egg-multipart@2.10.3@egg-multipart/app/schedule/clean_tmpdir.js
2021-03-27 17:45:36,603 INFO 20593 [egg-schedule]: register schedule /Volumes/开发/www/stars/api.stars.io/node_modules/_egg-logrotator@3.1.0@egg-logrotator/app/schedule/clean_log.js
2021-03-27 17:45:36,603 INFO 20593 [egg-schedule]: register schedule /Volumes/开发/www/stars/api.stars.io/node_modules/_egg-logrotator@3.1.0@egg-logrotator/app/schedule/rotate_by_file.js
2021-03-27 17:46:44,745 INFO 20640 [egg-schedule]: register schedule /Volumes/开发/www/stars/api.stars.io/node_modules/_egg-multipart@2.10.3@egg-multipart/app/schedule/clean_tmpdir.js
2021-03-27 17:46:44,745 INFO 20640 [egg-schedule]: register schedule /Volumes/开发/www/stars/api.stars.io/node_modules/_egg-logrotator@3.1.0@egg-logrotator/app/schedule/clean_log.js
2021-03-27 17:46:44,745 INFO 20640 [egg-schedule]: register schedule /Volumes/开发/www/stars/api.stars.io/node_modules/_egg-logrotator@3.1.0@egg-logrotator/app/schedule/rotate_by_file.js
2021-03-27 17:51:57,942 INFO 20754 [egg-schedule]: register schedule /Volumes/开发/www/stars/api.stars.io/node_modules/_egg-multipart@2.10.3@egg-multipart/app/schedule/clean_tmpdir.js
2021-03-27 17:51:57,942 INFO 20754 [egg-schedule]: register schedule /Volumes/开发/www/stars/api.stars.io/node_modules/_egg-logrotator@3.1.0@egg-logrotator/app/schedule/clean_log.js
2021-03-27 17:51:57,942 INFO 20754 [egg-schedule]: register schedule /Volumes/开发/www/stars/api.stars.io/node_modules/_egg-logrotator@3.1.0@egg-logrotator/app/schedule/rotate_by_file.js
2021-03-27 17:54:34,321 INFO 20814 [egg-schedule]: register schedule /Volumes/开发/www/stars/api.stars.io/node_modules/_egg-multipart@2.10.3@egg-multipart/app/schedule/clean_tmpdir.js
2021-03-27 17:54:34,321 INFO 20814 [egg-schedule]: register schedule /Volumes/开发/www/stars/api.stars.io/node_modules/_egg-logrotator@3.1.0@egg-logrotator/app/schedule/clean_log.js
2021-03-27 17:54:34,321 INFO 20814 [egg-schedule]: register schedule /Volumes/开发/www/stars/api.stars.io/node_modules/_egg-logrotator@3.1.0@egg-logrotator/app/schedule/rotate_by_file.js
2021-03-27 17:54:37,325 INFO 20821 [egg-schedule]: register schedule /Volumes/开发/www/stars/api.stars.io/node_modules/_egg-multipart@2.10.3@egg-multipart/app/schedule/clean_tmpdir.js
2021-03-27 17:54:37,325 INFO 20821 [egg-schedule]: register schedule /Volumes/开发/www/stars/api.stars.io/node_modules/_egg-logrotator@3.1.0@egg-logrotator/app/schedule/clean_log.js
2021-03-27 17:54:37,325 INFO 20821 [egg-schedule]: register schedule /Volumes/开发/www/stars/api.stars.io/node_modules/_egg-logrotator@3.1.0@egg-logrotator/app/schedule/rotate_by_file.js
2021-03-27 17:55:06,396 INFO 20841 [egg-schedule]: register schedule /Volumes/开发/www/stars/api.stars.io/node_modules/_egg-multipart@2.10.3@egg-multipart/app/schedule/clean_tmpdir.js
2021-03-27 17:55:06,396 INFO 20841 [egg-schedule]: register schedule /Volumes/开发/www/stars/api.stars.io/node_modules/_egg-logrotator@3.1.0@egg-logrotator/app/schedule/clean_log.js
2021-03-27 17:55:06,396 INFO 20841 [egg-schedule]: register schedule /Volumes/开发/www/stars/api.stars.io/node_modules/_egg-logrotator@3.1.0@egg-logrotator/app/schedule/rotate_by_file.js
2021-03-27 18:05:22,112 INFO 20964 [egg-schedule]: register schedule /Volumes/开发/www/stars/api.stars.io/node_modules/_egg-multipart@2.10.3@egg-multipart/app/schedule/clean_tmpdir.js
2021-03-27 18:05:22,112 INFO 20964 [egg-schedule]: register schedule /Volumes/开发/www/stars/api.stars.io/node_modules/_egg-logrotator@3.1.0@egg-logrotator/app/schedule/clean_log.js
2021-03-27 18:05:22,112 INFO 20964 [egg-schedule]: register schedule /Volumes/开发/www/stars/api.stars.io/node_modules/_egg-logrotator@3.1.0@egg-logrotator/app/schedule/rotate_by_file.js
2021-03-27 18:07:27,616 INFO 21015 [egg-schedule]: register schedule /Volumes/开发/www/stars/api.stars.io/node_modules/_egg-multipart@2.10.3@egg-multipart/app/schedule/clean_tmpdir.js
2021-03-27 18:07:27,616 INFO 21015 [egg-schedule]: register schedule /Volumes/开发/www/stars/api.stars.io/node_modules/_egg-logrotator@3.1.0@egg-logrotator/app/schedule/clean_log.js
2021-03-27 18:07:27,616 INFO 21015 [egg-schedule]: register schedule /Volumes/开发/www/stars/api.stars.io/node_modules/_egg-logrotator@3.1.0@egg-logrotator/app/schedule/rotate_by_file.js
2021-03-27 18:10:09,086 INFO 21081 [egg-schedule]: register schedule /Volumes/开发/www/stars/api.stars.io/node_modules/_egg-multipart@2.10.3@egg-multipart/app/schedule/clean_tmpdir.js
2021-03-27 18:10:09,086 INFO 21081 [egg-schedule]: register schedule /Volumes/开发/www/stars/api.stars.io/node_modules/_egg-logrotator@3.1.0@egg-logrotator/app/schedule/clean_log.js
2021-03-27 18:10:09,086 INFO 21081 [egg-schedule]: register schedule /Volumes/开发/www/stars/api.stars.io/node_modules/_egg-logrotator@3.1.0@egg-logrotator/app/schedule/rotate_by_file.js
2021-03-27 18:11:54,985 INFO 21124 [egg-schedule]: register schedule /Volumes/开发/www/stars/api.stars.io/node_modules/_egg-multipart@2.10.3@egg-multipart/app/schedule/clean_tmpdir.js
2021-03-27 18:11:54,985 INFO 21124 [egg-schedule]: register schedule /Volumes/开发/www/stars/api.stars.io/node_modules/_egg-logrotator@3.1.0@egg-logrotator/app/schedule/clean_log.js
2021-03-27 18:11:54,985 INFO 21124 [egg-schedule]: register schedule /Volumes/开发/www/stars/api.stars.io/node_modules/_egg-logrotator@3.1.0@egg-logrotator/app/schedule/rotate_by_file.js
2021-03-27 18:12:56,391 INFO 21139 [egg-schedule]: register schedule /Volumes/开发/www/stars/api.stars.io/node_modules/_egg-multipart@2.10.3@egg-multipart/app/schedule/clean_tmpdir.js
2021-03-27 18:12:56,391 INFO 21139 [egg-schedule]: register schedule /Volumes/开发/www/stars/api.stars.io/node_modules/_egg-logrotator@3.1.0@egg-logrotator/app/schedule/clean_log.js
2021-03-27 18:12:56,391 INFO 21139 [egg-schedule]: register schedule /Volumes/开发/www/stars/api.stars.io/node_modules/_egg-logrotator@3.1.0@egg-logrotator/app/schedule/rotate_by_file.js
2021-03-27 18:14:05,398 INFO 21173 [egg-schedule]: register schedule /Volumes/开发/www/stars/api.stars.io/node_modules/_egg-multipart@2.10.3@egg-multipart/app/schedule/clean_tmpdir.js
2021-03-27 18:14:05,398 INFO 21173 [egg-schedule]: register schedule /Volumes/开发/www/stars/api.stars.io/node_modules/_egg-logrotator@3.1.0@egg-logrotator/app/schedule/clean_log.js
2021-03-27 18:14:05,398 INFO 21173 [egg-schedule]: register schedule /Volumes/开发/www/stars/api.stars.io/node_modules/_egg-logrotator@3.1.0@egg-logrotator/app/schedule/rotate_by_file.js
2021-03-27 18:14:10,874 INFO 21188 [egg-schedule]: register schedule /Volumes/开发/www/stars/api.stars.io/node_modules/_egg-multipart@2.10.3@egg-multipart/app/schedule/clean_tmpdir.js
2021-03-27 18:14:10,874 INFO 21188 [egg-schedule]: register schedule /Volumes/开发/www/stars/api.stars.io/node_modules/_egg-logrotator@3.1.0@egg-logrotator/app/schedule/clean_log.js
2021-03-27 18:14:10,874 INFO 21188 [egg-schedule]: register schedule /Volumes/开发/www/stars/api.stars.io/node_modules/_egg-logrotator@3.1.0@egg-logrotator/app/schedule/rotate_by_file.js
2021-03-27 18:15:42,603 INFO 21229 [egg-schedule]: register schedule /Volumes/开发/www/stars/api.stars.io/node_modules/_egg-multipart@2.10.3@egg-multipart/app/schedule/clean_tmpdir.js
2021-03-27 18:15:42,603 INFO 21229 [egg-schedule]: register schedule /Volumes/开发/www/stars/api.stars.io/node_modules/_egg-logrotator@3.1.0@egg-logrotator/app/schedule/clean_log.js
2021-03-27 18:15:42,603 INFO 21229 [egg-schedule]: register schedule /Volumes/开发/www/stars/api.stars.io/node_modules/_egg-logrotator@3.1.0@egg-logrotator/app/schedule/rotate_by_file.js
2021-03-27 18:16:10,033 INFO 21251 [egg-schedule]: register schedule /Volumes/开发/www/stars/api.stars.io/node_modules/_egg-multipart@2.10.3@egg-multipart/app/schedule/clean_tmpdir.js
2021-03-27 18:16:10,033 INFO 21251 [egg-schedule]: register schedule /Volumes/开发/www/stars/api.stars.io/node_modules/_egg-logrotator@3.1.0@egg-logrotator/app/schedule/clean_log.js
2021-03-27 18:16:10,033 INFO 21251 [egg-schedule]: register schedule /Volumes/开发/www/stars/api.stars.io/node_modules/_egg-logrotator@3.1.0@egg-logrotator/app/schedule/rotate_by_file.js
2021-03-27 18:16:29,295 INFO 21266 [egg-schedule]: register schedule /Volumes/开发/www/stars/api.stars.io/node_modules/_egg-multipart@2.10.3@egg-multipart/app/schedule/clean_tmpdir.js
2021-03-27 18:16:29,295 INFO 21266 [egg-schedule]: register schedule /Volumes/开发/www/stars/api.stars.io/node_modules/_egg-logrotator@3.1.0@egg-logrotator/app/schedule/clean_log.js
2021-03-27 18:16:29,295 INFO 21266 [egg-schedule]: register schedule /Volumes/开发/www/stars/api.stars.io/node_modules/_egg-logrotator@3.1.0@egg-logrotator/app/schedule/rotate_by_file.js
2021-03-27 18:17:13,139 INFO 21272 [egg-schedule]: register schedule /Volumes/开发/www/stars/api.stars.io/node_modules/_egg-multipart@2.10.3@egg-multipart/app/schedule/clean_tmpdir.js
2021-03-27 18:17:13,139 INFO 21272 [egg-schedule]: register schedule /Volumes/开发/www/stars/api.stars.io/node_modules/_egg-logrotator@3.1.0@egg-logrotator/app/schedule/clean_log.js
2021-03-27 18:17:13,139 INFO 21272 [egg-schedule]: register schedule /Volumes/开发/www/stars/api.stars.io/node_modules/_egg-logrotator@3.1.0@egg-logrotator/app/schedule/rotate_by_file.js
2021-03-27 18:17:55,699 INFO 21296 [egg-schedule]: register schedule /Volumes/开发/www/stars/api.stars.io/node_modules/_egg-multipart@2.10.3@egg-multipart/app/schedule/clean_tmpdir.js
2021-03-27 18:17:55,699 INFO 21296 [egg-schedule]: register schedule /Volumes/开发/www/stars/api.stars.io/node_modules/_egg-logrotator@3.1.0@egg-logrotator/app/schedule/clean_log.js
2021-03-27 18:17:55,699 INFO 21296 [egg-schedule]: register schedule /Volumes/开发/www/stars/api.stars.io/node_modules/_egg-logrotator@3.1.0@egg-logrotator/app/schedule/rotate_by_file.js
